Microsoft (R) Macro Assembler Version 14.16.27026.1	    02/21/19 17:44:15
*Sorting Random Integers    (Project05.asm		     Page 1 - 1


				TITLE Sorting Random Integers    (Project05.asm)

				; Author: Andrew Wilson
				; Last Modified: Feb 10, 2019
				; OSU email address: wilsoan6@oregonstate.edu
				; Course number/section: 271-400
				; Project Number: #5                Due Date: March 3, 2019
				; Description: This program generates random numbers in the range [100 .. 999],
				;			   displays the original list, sorts the list, and calculates the
				;			   median value. Finally, it displays the list sorted in descending order.

				INCLUDE Irvine32.inc
			      C ; Include file for Irvine32.lib             (Irvine32.inc)
			      C 
			      C ;OPTION CASEMAP:NONE		; optional: make identifiers case-sensitive
			      C 
			      C INCLUDE SmallWin.inc		; MS-Windows prototypes, structures, and constants
			      C .NOLIST
			      C .LIST
			      C 
			      C INCLUDE VirtualKeys.inc
			      C ; VirtualKeys.inc
			      C .NOLIST
			      C .LIST
			      C 
			      C 
			      C .NOLIST
			      C .LIST
			      C 

 = 00000064			LO = 100	;lowest int value
 = 000003E7			HI = 999	;highest int value
 = 0000000A			MIN = 10	;min number of ints
 = 000000C8			MAX = 200	;max number of ints

 00000000			.data
 00000000 00000000		numberOfInts	DWORD	?			;user specified number of ints to show
 00000004  000000C8 [		arrayOfInts		DWORD	MAX	DUP(?)	;array of ints.
	    00000000
	   ]
 00000324 57 65 6C 63 6F	intro_1			BYTE	"Welcome to Sorting Random Integers     by Andrew Wilson ", 0
	   6D 65 20 74 6F
	   20 53 6F 72 74
	   69 6E 67 20 52
	   61 6E 64 6F 6D
	   20 49 6E 74 65
	   67 65 72 73 20
	   20 20 20 20 62
	   79 20 41 6E 64
	   72 65 77 20 57
	   69 6C 73 6F 6E
	   20 00
 0000035D 54 68 69 73 20	intro_2			BYTE	"This program generates random numbers in the range [100 .. 999],", 0
	   70 72 6F 67 72
	   61 6D 20 67 65
	   6E 65 72 61 74
	   65 73 20 72 61
	   6E 64 6F 6D 20
	   6E 75 6D 62 65
	   72 73 20 69 6E
	   20 74 68 65 20
	   72 61 6E 67 65
	   20 5B 31 30 30
	   20 2E 2E 20 39
	   39 39 5D 2C 00
 0000039E 64 69 73 70 6C	intro_3			BYTE	"displays the original list, sorts the list, and calculates the", 0
	   61 79 73 20 74
	   68 65 20 6F 72
	   69 67 69 6E 61
	   6C 20 6C 69 73
	   74 2C 20 73 6F
	   72 74 73 20 74
	   68 65 20 6C 69
	   73 74 2C 20 61
	   6E 64 20 63 61
	   6C 63 75 6C 61
	   74 65 73 20 74
	   68 65 00
 000003DD 6D 65 64 69 61	intro_4			BYTE	"median value. Finally, it displays the list sorted in descending order.", 0
	   6E 20 76 61 6C
	   75 65 2E 20 46
	   69 6E 61 6C 6C
	   79 2C 20 69 74
	   20 64 69 73 70
	   6C 61 79 73 20
	   74 68 65 20 6C
	   69 73 74 20 73
	   6F 72 74 65 64
	   20 69 6E 20 64
	   65 73 63 65 6E
	   64 69 6E 67 20
	   6F 72 64 65 72
	   2E 00
 00000425 54 68 65 20 75	title_1			BYTE	"The unsorted random numbers:", 0
	   6E 73 6F 72 74
	   65 64 20 72 61
	   6E 64 6F 6D 20
	   6E 75 6D 62 65
	   72 73 3A 00
 00000442 54 68 65 20 73	title_2			BYTE	"The sorted list:", 0
	   6F 72 74 65 64
	   20 6C 69 73 74
	   3A 00
 00000453 2A 2A 45 43 3A	ec_1			BYTE	"**EC: Aligns the output columns", 0
	   20 41 6C 69 67
	   6E 73 20 74 68
	   65 20 6F 75 74
	   70 75 74 20 63
	   6F 6C 75 6D 6E
	   73 00
 00000473 48 6F 77 20 6D	prompt_1		BYTE	"How many numbers should be generated? [10 .. 200]: ", 0
	   61 6E 79 20 6E
	   75 6D 62 65 72
	   73 20 73 68 6F
	   75 6C 64 20 62
	   65 20 67 65 6E
	   65 72 61 74 65
	   64 3F 20 5B 31
	   30 20 2E 2E 20
	   32 30 30 5D 3A
	   20 00
 000004A7 50 6C 65 61 73	error_1			BYTE	"Please enter a number between 10 and 200: ",0
	   65 20 65 6E 74
	   65 72 20 61 20
	   6E 75 6D 62 65
	   72 20 62 65 74
	   77 65 65 6E 20
	   31 30 20 61 6E
	   64 20 32 30 30
	   3A 20 00

 00000000			.code
 00000000			main PROC

 00000000  E8 00000000 E		call	randomize
 00000005  E8 0000005B			call	introduction
					
 0000000A  68 00000000 R		push	OFFSET numberOfInts		;pass numberOfInts by reference
 0000000F  E8 00000098			call	getUserData

 00000014  68 00000004 R		push	OFFSET arrayOfInts
 00000019  FF 35 00000000 R		push	numberOfInts
 0000001F  E8 000000C7			call	fillArray

 00000024  68 00000425 R		push	OFFSET title_1	
 00000029  68 00000004 R		push	OFFSET arrayOfInts
 0000002E  FF 35 00000000 R		push	numberOfInts
 00000034  E8 0000012A			call	displayList

 00000039  68 00000004 R		push	OFFSET arrayOfInts
 0000003E  FF 35 00000000 R		push	numberOfInts
 00000044  E8 000000C4			call	sortList

						;i. exchange elements (for most sorting algorithms): {parameters: array[i] (reference), array[j] (reference), where i and j are the indexes of elements to be exchanged}
					;F. display median {parameters: array (reference), request (value)}

 00000049  68 00000442 R		push	OFFSET title_2	
 0000004E  68 00000004 R		push	OFFSET arrayOfInts
 00000053  FF 35 00000000 R		push	numberOfInts
 00000059  E8 00000105			call	displayList

					exit	; exit to operating system
 0000005E  6A 00	   *	    push   +000000000h
 00000060  E8 00000000 E   *	    call   ExitProcess
 00000065			main ENDP

				;********************************************************************************************************
				;Procedure to introduce the program.
				;receives: none
				;returns: none
				;preconditions:  needs strings called intro_1, intro_2, intro_3, intro_4 and ec_1
				;registers changed: edx
				;********************************************************************************************************
 00000065			introduction	PROC

 00000065  BA 00000324 R		mov		edx, OFFSET	intro_1
 0000006A  E8 00000000 E		call	WriteString
 0000006F  E8 00000000 E		call	crlf
				;	mov		edx, OFFSET	ec_1
				;	call	WriteString
				;	call	crlf
 00000074  E8 00000000 E		call	crlf
 00000079  BA 0000035D R		mov		edx, OFFSET	intro_2
 0000007E  E8 00000000 E		call	WriteString
 00000083  E8 00000000 E		call	crlf
 00000088  BA 0000039E R		mov		edx, OFFSET	intro_3
 0000008D  E8 00000000 E		call	WriteString
 00000092  E8 00000000 E		call	crlf
 00000097  BA 000003DD R		mov		edx, OFFSET	intro_4
 0000009C  E8 00000000 E		call	WriteString
 000000A1  E8 00000000 E		call	crlf
 000000A6  E8 00000000 E		call	crlf

 000000AB  C3				ret
 000000AC			introduction	ENDP

				;********************************************************************************************************
				;Procedure to get value for numberOfInts from the user.
				;receives: numberOfInts
				;returns: user input values for variable numberOfInts
				;preconditions:  push numberOfInts before calling
				;registers changed: eax, ebx, edx
				;********************************************************************************************************
 000000AC			getUserData	PROC
 000000AC  55				push	ebp
 000000AD  8B EC			mov		ebp, esp
 000000AF  BA 00000473 R		mov		edx, OFFSET	prompt_1
 000000B4  E8 00000000 E		call	WriteString
 000000B9  E8 00000000 E		call	ReadInt
 000000BE  E8 00000000 E		call	Crlf

 000000C3			TryAgain:					;validates that input is between MIN-MAX
 000000C3  83 F8 0A			cmp		eax, MIN
 000000C6  72 09			jb		invalidInput
 000000C8  3D 000000C8			cmp		eax, MAX
 000000CD  77 02			ja		invalidInput
 000000CF  EB 11			jmp		AllIsWell

 000000D1			InvalidInput:
 000000D1  BA 000004A7 R		mov		edx, OFFSET	error_1
 000000D6  E8 00000000 E		call	WriteString
 000000DB  E8 00000000 E		call	ReadInt
 000000E0  EB E1			jmp		TryAgain

 000000E2			AllIsWell:
 000000E2  8B 5D 08			mov		ebx, [ebp+8]
 000000E5  89 03			mov		[ebx], eax	
 000000E7  5D				pop		ebp
 000000E8  C2 0004			ret		4
 000000EB			getUserData	ENDP

				;********************************************************************************************************
				;Procedure to fill array with random numbers
				;receives: array of dwords to store ints, number of ints to generate
				;returns: random ints into array
				;preconditions: push array address, then number of ints
				;registers changed: edx
				;********************************************************************************************************
 000000EB			fillArray	PROC
 000000EB  55				push	ebp
 000000EC  8B EC			mov		ebp, esp
 000000EE  8B 7D 0C			mov		edi, [ebp+12]	;@arrayOfInts
 000000F1  8B 4D 08			mov		ecx, [ebp+8]	;loop counter

 000000F4			again:
 000000F4  B8 00000383			mov		eax, HI-LO
 000000F9  40				inc		eax
 000000FA  E8 00000000 E		call	randomrange
 000000FF  83 C0 64			add		eax, LO			;eax now contains random number between HI and LO
 00000102  89 07			mov		[edi], eax		;store it in the array
 00000104  83 C7 04			add		edi, 4			;move to the next element
 00000107  E2 EB			loop	again

 00000109  5D				pop		ebp
 0000010A  C2 0008			ret		8
 0000010D			fillArray	ENDP

				;********************************************************************************************************
				;Bubble sorts array of ints high to low
				;receives: array of dwords to store ints, length of array
				;returns: sorted ints into array
				;preconditions: push array address, then number of ints
				;registers changed: eax, ebx, ecx, edx
				;********************************************************************************************************
 0000010D			sortList	PROC
 0000010D  55				push	ebp
 0000010E  8B EC			mov		ebp, esp
 00000110  8B 4D 08			mov		ecx, [ebp+8]	;loop counter
 00000113  BB FFFFFFFF			mov		ebx, -1			;ebx tracks number of times inner loop has occurred
											;bubble sort sorts 1 element per loop, so we need to loop element number of times
											;Starts at -1 because it is incremented immediately in loop

 00000118			outer:
 00000118  8B 75 0C			mov		esi, [ebp+12]	;@arrayOfInts
 0000011B  51				push	ecx				;push outer loop counter
 0000011C  43				inc		ebx				;ebx tracks number of times inner loop has occurred
 0000011D  8B 4D 08			mov		ecx, [ebp+8]	;loop the length of the array...
 00000120  2B CB			sub		ecx, ebx		;...minus the number of sorted elements
					
 00000122  49				dec		ecx				;;;;
 00000123  83 FB 00			cmp		ebx, 0			;this block decrements ecx by 1 on the first time thought the loop
 00000126  74 01			je		inner			;to prevent out-of-bounds access if the array is MAX size
 00000128  41				inc		ecx				;;;;


 00000129			inner:
 00000129  8B 06			mov		eax, [esi]		;move contents of left array element into eax
 0000012B  3B 46 04			cmp		eax, [esi+4]	;compare to contents of right array element
 0000012E  72 02			jb		swap
 00000130  EB 0D			jmp		noSwap
 00000132			swap:		
 00000132  56				push	esi				;@left element
 00000133  83 C6 04			add		esi, 4
 00000136  56				push	esi				;@right element
 00000137  83 EE 04			sub		esi, 4
 0000013A  E8 0000000C			call	exchange
 0000013F			noSwap:
 0000013F  83 C6 04			add		esi, 4
 00000142  E2 E5			loop	inner
 00000144			finished:
 00000144  59				pop		ecx				;restore outer loop counter
 00000145  E2 D1			loop	outer

 00000147  5D				pop		ebp
 00000148  C2 0008			ret		8
 0000014B			sortList	ENDP

				;********************************************************************************************************
				;Swaps two ints
				;receives: two ints by reference
				;returns: swapped ints
				;preconditions: push two DWORD ints
				;registers changed: eax, edx
				;********************************************************************************************************
 0000014B			exchange	PROC
 0000014B  55				push	ebp
 0000014C  8B EC			mov		ebp, esp
 0000014E  8B 7D 0C			mov		edi, [ebp+12]	;@left element
 00000151  8B 07			mov		eax, [edi]		;left element
 00000153  8B 7D 08			mov		edi, [ebp+8]	;@right element
 00000156  8B 17			mov		edx, [edi]		;right element

 00000158  89 07			mov		[edi], eax
 0000015A  8B 7D 0C			mov		edi, [ebp+12]	;@left element
 0000015D  89 17			mov		[edi], edx

 0000015F  5D				pop		ebp
 00000160  C2 0008			ret		8

 00000163			exchange	ENDP


				;********************************************************************************************************
				;Procedure to display an array of DWORD integers
				;receives: address of title of array to display, address of array of dwords to store ints, number of ints to generate
				;returns: -
				;preconditions: push title, array address, then number of ints
				;registers changed: eax, ecx, edx
				;********************************************************************************************************
 00000163			displayList	PROC
 00000163  55				push	ebp
 00000164  8B EC			mov		ebp, esp
 00000166  8B 55 10			mov		edx, [ebp+16]	;@title
 00000169  E8 00000000 E		call	WriteString
 0000016E  E8 00000000 E		call	crlf
 00000173  8B 75 0C			mov		esi, [ebp+12]	;@arrayOfInts
 00000176  8B 4D 08			mov		ecx, [ebp+8]	;loop counter
 00000179  BA 00000000			mov		edx, 0			;use edx as a counter to space lines

 0000017E			again:
 0000017E  8B 06			mov		eax,[esi]		;put array value in eax
 00000180  E8 00000000 E		call	WriteDec
 00000185  B8 00000009			mov		eax, 9			;9 is ASCII tab, used to space columns
 0000018A  E8 00000000 E		call	WriteChar
 0000018F  42				inc		edx
 00000190  83 FA 0A			cmp		edx, 10			
 00000193  75 0A			jne		noNewLine		;if 10 characters have been written, newline, then set edx back to 0
 00000195  E8 00000000 E		call	crlf
 0000019A  BA 00000000			mov		edx, 0

 0000019F			noNewLine:
 0000019F  83 C6 04			add		esi, 4			;move to the next element
 000001A2  E2 DA			loop	again

 000001A4  E8 00000000 E		call	crlf
 000001A9  E8 00000000 E		call	crlf
 000001AE  5D				pop		ebp
 000001AF  C2 0009			ret		9
 000001B2			displayList	ENDP

				END main
Microsoft (R) Macro Assembler Version 14.16.27026.1	    02/21/19 17:44:15
*Sorting Random Integers    (Project05.asm		     Symbols 2 - 1




Structures and Unions:

                N a m e                  Size
                                         Offset      Type

CONSOLE_CURSOR_INFO  . . . . . .	 00000008
  dwSize . . . . . . . . . . . .	 00000000	 DWord
  bVisible . . . . . . . . . . .	 00000004	 DWord
CONSOLE_SCREEN_BUFFER_INFO . . .	 00000016
  dwSize . . . . . . . . . . . .	 00000000	 DWord
  dwCursorPosition . . . . . . .	 00000004	 DWord
  wAttributes  . . . . . . . . .	 00000008	 Word
  srWindow . . . . . . . . . . .	 0000000A	 QWord
  dwMaximumWindowSize  . . . . .	 00000012	 DWord
COORD  . . . . . . . . . . . . .	 00000004
  X  . . . . . . . . . . . . . .	 00000000	 Word
  Y  . . . . . . . . . . . . . .	 00000002	 Word
FILETIME . . . . . . . . . . . .	 00000008
  loDateTime . . . . . . . . . .	 00000000	 DWord
  hiDateTime . . . . . . . . . .	 00000004	 DWord
FOCUS_EVENT_RECORD . . . . . . .	 00000004
  bSetFocus  . . . . . . . . . .	 00000000	 DWord
FPU_ENVIRON  . . . . . . . . . .	 0000001C
  controlWord  . . . . . . . . .	 00000000	 Word
  statusWord . . . . . . . . . .	 00000004	 Word
  tagWord  . . . . . . . . . . .	 00000008	 Word
  instrPointerOffset . . . . . .	 0000000C	 DWord
  instrPointerSelector . . . . .	 00000010	 DWord
  operandPointerOffset . . . . .	 00000014	 DWord
  operandPointerSelector . . . .	 00000018	 Word
INPUT_RECORD . . . . . . . . . .	 00000014
  EventType  . . . . . . . . . .	 00000000	 Word
  Event  . . . . . . . . . . . .	 00000004	 XmmWord
  bKeyDown . . . . . . . . . . .	 00000000	 DWord
  wRepeatCount . . . . . . . . .	 00000004	 Word
  wVirtualKeyCode  . . . . . . .	 00000006	 Word
  wVirtualScanCode . . . . . . .	 00000008	 Word
  uChar  . . . . . . . . . . . .	 0000000A	 Word
  UnicodeChar  . . . . . . . . .	 00000000	 Word
  AsciiChar  . . . . . . . . . .	 00000000	 Byte
  dwControlKeyState  . . . . . .	 0000000C	 DWord
  dwMousePosition  . . . . . . .	 00000000	 DWord
  dwButtonState  . . . . . . . .	 00000004	 DWord
  dwMouseControlKeyState . . . .	 00000008	 DWord
  dwEventFlags . . . . . . . . .	 0000000C	 DWord
  dwSize . . . . . . . . . . . .	 00000000	 DWord
  dwCommandId  . . . . . . . . .	 00000000	 DWord
  bSetFocus  . . . . . . . . . .	 00000000	 DWord
KEY_EVENT_RECORD . . . . . . . .	 00000010
  bKeyDown . . . . . . . . . . .	 00000000	 DWord
  wRepeatCount . . . . . . . . .	 00000004	 Word
  wVirtualKeyCode  . . . . . . .	 00000006	 Word
  wVirtualScanCode . . . . . . .	 00000008	 Word
  uChar  . . . . . . . . . . . .	 0000000A	 Word
  UnicodeChar  . . . . . . . . .	 00000000	 Word
  AsciiChar  . . . . . . . . . .	 00000000	 Byte
  dwControlKeyState  . . . . . .	 0000000C	 DWord
MENU_EVENT_RECORD  . . . . . . .	 00000004
  dwCommandId  . . . . . . . . .	 00000000	 DWord
MOUSE_EVENT_RECORD . . . . . . .	 00000010
  dwMousePosition  . . . . . . .	 00000000	 DWord
  dwButtonState  . . . . . . . .	 00000004	 DWord
  dwMouseControlKeyState . . . .	 00000008	 DWord
  dwEventFlags . . . . . . . . .	 0000000C	 DWord
SMALL_RECT . . . . . . . . . . .	 00000008
  Left . . . . . . . . . . . . .	 00000000	 Word
  Top  . . . . . . . . . . . . .	 00000002	 Word
  Right  . . . . . . . . . . . .	 00000004	 Word
  Bottom . . . . . . . . . . . .	 00000006	 Word
SYSTEMTIME . . . . . . . . . . .	 00000010
  wYear  . . . . . . . . . . . .	 00000000	 Word
  wMonth . . . . . . . . . . . .	 00000002	 Word
  wDayOfWeek . . . . . . . . . .	 00000004	 Word
  wDay . . . . . . . . . . . . .	 00000006	 Word
  wHour  . . . . . . . . . . . .	 00000008	 Word
  wMinute  . . . . . . . . . . .	 0000000A	 Word
  wSecond  . . . . . . . . . . .	 0000000C	 Word
  wMilliseconds  . . . . . . . .	 0000000E	 Word
WINDOW_BUFFER_SIZE_RECORD  . . .	 00000004
  dwSize . . . . . . . . . . . .	 00000000	 DWord


Segments and Groups:

                N a m e                 Size     Length   Align   Combine Class

FLAT . . . . . . . . . . . . . .	GROUP
STACK  . . . . . . . . . . . . .	32 Bit	 00001000 Para	  Stack	  'STACK'	 
_DATA  . . . . . . . . . . . . .	32 Bit	 000004D2 Para	  Public  'DATA'	
_TEXT  . . . . . . . . . . . . .	32 Bit	 000001B2 Para	  Public  'CODE'	


Procedures, parameters, and locals:

                N a m e                 Type     Value    Attr

CloseFile  . . . . . . . . . . .	P Near	 00000000 FLAT	Length= 00000000 External STDCALL
CloseHandle  . . . . . . . . . .	P Near	 00000000 FLAT	Length= 00000000 External STDCALL
Clrscr . . . . . . . . . . . . .	P Near	 00000000 FLAT	Length= 00000000 External STDCALL
CreateFileA  . . . . . . . . . .	P Near	 00000000 FLAT	Length= 00000000 External STDCALL
CreateOutputFile . . . . . . . .	P Near	 00000000 FLAT	Length= 00000000 External STDCALL
Crlf . . . . . . . . . . . . . .	P Near	 00000000 FLAT	Length= 00000000 External STDCALL
Delay  . . . . . . . . . . . . .	P Near	 00000000 FLAT	Length= 00000000 External STDCALL
DumpMem  . . . . . . . . . . . .	P Near	 00000000 FLAT	Length= 00000000 External STDCALL
DumpRegs . . . . . . . . . . . .	P Near	 00000000 FLAT	Length= 00000000 External STDCALL
ExitProcess  . . . . . . . . . .	P Near	 00000000 FLAT	Length= 00000000 External STDCALL
FileTimeToDosDateTime  . . . . .	P Near	 00000000 FLAT	Length= 00000000 External STDCALL
FileTimeToSystemTime . . . . . .	P Near	 00000000 FLAT	Length= 00000000 External STDCALL
FlushConsoleInputBuffer  . . . .	P Near	 00000000 FLAT	Length= 00000000 External STDCALL
FormatMessageA . . . . . . . . .	P Near	 00000000 FLAT	Length= 00000000 External STDCALL
GetCommandLineA  . . . . . . . .	P Near	 00000000 FLAT	Length= 00000000 External STDCALL
GetCommandTail . . . . . . . . .	P Near	 00000000 FLAT	Length= 00000000 External STDCALL
GetConsoleCP . . . . . . . . . .	P Near	 00000000 FLAT	Length= 00000000 External STDCALL
GetConsoleCursorInfo . . . . . .	P Near	 00000000 FLAT	Length= 00000000 External STDCALL
GetConsoleMode . . . . . . . . .	P Near	 00000000 FLAT	Length= 00000000 External STDCALL
GetConsoleScreenBufferInfo . . .	P Near	 00000000 FLAT	Length= 00000000 External STDCALL
GetDateTime  . . . . . . . . . .	P Near	 00000000 FLAT	Length= 00000000 External STDCALL
GetFileTime  . . . . . . . . . .	P Near	 00000000 FLAT	Length= 00000000 External STDCALL
GetKeyState  . . . . . . . . . .	P Near	 00000000 FLAT	Length= 00000000 External STDCALL
GetLastError . . . . . . . . . .	P Near	 00000000 FLAT	Length= 00000000 External STDCALL
GetLocalTime . . . . . . . . . .	P Near	 00000000 FLAT	Length= 00000000 External STDCALL
GetMaxXY . . . . . . . . . . . .	P Near	 00000000 FLAT	Length= 00000000 External STDCALL
GetMseconds  . . . . . . . . . .	P Near	 00000000 FLAT	Length= 00000000 External STDCALL
GetNumberOfConsoleInputEvents  .	P Near	 00000000 FLAT	Length= 00000000 External STDCALL
GetProcessHeap . . . . . . . . .	P Near	 00000000 FLAT	Length= 00000000 External STDCALL
GetStdHandle . . . . . . . . . .	P Near	 00000000 FLAT	Length= 00000000 External STDCALL
GetSystemTime  . . . . . . . . .	P Near	 00000000 FLAT	Length= 00000000 External STDCALL
GetTextColor . . . . . . . . . .	P Near	 00000000 FLAT	Length= 00000000 External STDCALL
GetTickCount . . . . . . . . . .	P Near	 00000000 FLAT	Length= 00000000 External STDCALL
Gotoxy . . . . . . . . . . . . .	P Near	 00000000 FLAT	Length= 00000000 External STDCALL
HeapAlloc  . . . . . . . . . . .	P Near	 00000000 FLAT	Length= 00000000 External STDCALL
HeapCreate . . . . . . . . . . .	P Near	 00000000 FLAT	Length= 00000000 External STDCALL
HeapDestroy  . . . . . . . . . .	P Near	 00000000 FLAT	Length= 00000000 External STDCALL
HeapFree . . . . . . . . . . . .	P Near	 00000000 FLAT	Length= 00000000 External STDCALL
HeapSize . . . . . . . . . . . .	P Near	 00000000 FLAT	Length= 00000000 External STDCALL
IsDigit  . . . . . . . . . . . .	P Near	 00000000 FLAT	Length= 00000000 External STDCALL
LocalFree  . . . . . . . . . . .	P Near	 00000000 FLAT	Length= 00000000 External STDCALL
MessageBoxA  . . . . . . . . . .	P Near	 00000000 FLAT	Length= 00000000 External STDCALL
MsgBoxAsk  . . . . . . . . . . .	P Near	 00000000 FLAT	Length= 00000000 External STDCALL
MsgBox . . . . . . . . . . . . .	P Near	 00000000 FLAT	Length= 00000000 External STDCALL
OpenInputFile  . . . . . . . . .	P Near	 00000000 FLAT	Length= 00000000 External STDCALL
ParseDecimal32 . . . . . . . . .	P Near	 00000000 FLAT	Length= 00000000 External STDCALL
ParseInteger32 . . . . . . . . .	P Near	 00000000 FLAT	Length= 00000000 External STDCALL
PeekConsoleInputA  . . . . . . .	P Near	 00000000 FLAT	Length= 00000000 External STDCALL
Random32 . . . . . . . . . . . .	P Near	 00000000 FLAT	Length= 00000000 External STDCALL
RandomRange  . . . . . . . . . .	P Near	 00000000 FLAT	Length= 00000000 External STDCALL
Randomize  . . . . . . . . . . .	P Near	 00000000 FLAT	Length= 00000000 External STDCALL
ReadChar . . . . . . . . . . . .	P Near	 00000000 FLAT	Length= 00000000 External STDCALL
ReadConsoleA . . . . . . . . . .	P Near	 00000000 FLAT	Length= 00000000 External STDCALL
ReadConsoleInputA  . . . . . . .	P Near	 00000000 FLAT	Length= 00000000 External STDCALL
ReadDec  . . . . . . . . . . . .	P Near	 00000000 FLAT	Length= 00000000 External STDCALL
ReadFile . . . . . . . . . . . .	P Near	 00000000 FLAT	Length= 00000000 External STDCALL
ReadFloat  . . . . . . . . . . .	P Near	 00000000 FLAT	Length= 00000000 External STDCALL
ReadFromFile . . . . . . . . . .	P Near	 00000000 FLAT	Length= 00000000 External STDCALL
ReadHex  . . . . . . . . . . . .	P Near	 00000000 FLAT	Length= 00000000 External STDCALL
ReadInt  . . . . . . . . . . . .	P Near	 00000000 FLAT	Length= 00000000 External STDCALL
ReadKeyFlush . . . . . . . . . .	P Near	 00000000 FLAT	Length= 00000000 External STDCALL
ReadKey  . . . . . . . . . . . .	P Near	 00000000 FLAT	Length= 00000000 External STDCALL
ReadString . . . . . . . . . . .	P Near	 00000000 FLAT	Length= 00000000 External STDCALL
SetConsoleCursorInfo . . . . . .	P Near	 00000000 FLAT	Length= 00000000 External STDCALL
SetConsoleCursorPosition . . . .	P Near	 00000000 FLAT	Length= 00000000 External STDCALL
SetConsoleMode . . . . . . . . .	P Near	 00000000 FLAT	Length= 00000000 External STDCALL
SetConsoleScreenBufferSize . . .	P Near	 00000000 FLAT	Length= 00000000 External STDCALL
SetConsoleTextAttribute  . . . .	P Near	 00000000 FLAT	Length= 00000000 External STDCALL
SetConsoleTitleA . . . . . . . .	P Near	 00000000 FLAT	Length= 00000000 External STDCALL
SetConsoleWindowInfo . . . . . .	P Near	 00000000 FLAT	Length= 00000000 External STDCALL
SetFilePointer . . . . . . . . .	P Near	 00000000 FLAT	Length= 00000000 External STDCALL
SetLocalTime . . . . . . . . . .	P Near	 00000000 FLAT	Length= 00000000 External STDCALL
SetTextColor . . . . . . . . . .	P Near	 00000000 FLAT	Length= 00000000 External STDCALL
ShowFPUStack . . . . . . . . . .	P Near	 00000000 FLAT	Length= 00000000 External STDCALL
Sleep  . . . . . . . . . . . . .	P Near	 00000000 FLAT	Length= 00000000 External STDCALL
StrLength  . . . . . . . . . . .	P Near	 00000000 FLAT	Length= 00000000 External STDCALL
Str_compare  . . . . . . . . . .	P Near	 00000000 FLAT	Length= 00000000 External STDCALL
Str_copy . . . . . . . . . . . .	P Near	 00000000 FLAT	Length= 00000000 External STDCALL
Str_length . . . . . . . . . . .	P Near	 00000000 FLAT	Length= 00000000 External STDCALL
Str_trim . . . . . . . . . . . .	P Near	 00000000 FLAT	Length= 00000000 External STDCALL
Str_ucase  . . . . . . . . . . .	P Near	 00000000 FLAT	Length= 00000000 External STDCALL
SystemTimeToFileTime . . . . . .	P Near	 00000000 FLAT	Length= 00000000 External STDCALL
WaitMsg  . . . . . . . . . . . .	P Near	 00000000 FLAT	Length= 00000000 External STDCALL
WriteBinB  . . . . . . . . . . .	P Near	 00000000 FLAT	Length= 00000000 External STDCALL
WriteBin . . . . . . . . . . . .	P Near	 00000000 FLAT	Length= 00000000 External STDCALL
WriteChar  . . . . . . . . . . .	P Near	 00000000 FLAT	Length= 00000000 External STDCALL
WriteConsoleA  . . . . . . . . .	P Near	 00000000 FLAT	Length= 00000000 External STDCALL
WriteConsoleOutputAttribute  . .	P Near	 00000000 FLAT	Length= 00000000 External STDCALL
WriteConsoleOutputCharacterA . .	P Near	 00000000 FLAT	Length= 00000000 External STDCALL
WriteDec . . . . . . . . . . . .	P Near	 00000000 FLAT	Length= 00000000 External STDCALL
WriteFile  . . . . . . . . . . .	P Near	 00000000 FLAT	Length= 00000000 External STDCALL
WriteFloat . . . . . . . . . . .	P Near	 00000000 FLAT	Length= 00000000 External STDCALL
WriteHexB  . . . . . . . . . . .	P Near	 00000000 FLAT	Length= 00000000 External STDCALL
WriteHex . . . . . . . . . . . .	P Near	 00000000 FLAT	Length= 00000000 External STDCALL
WriteInt . . . . . . . . . . . .	P Near	 00000000 FLAT	Length= 00000000 External STDCALL
WriteStackFrameName  . . . . . .	P Near	 00000000 FLAT	Length= 00000000 External STDCALL
WriteStackFrame  . . . . . . . .	P Near	 00000000 FLAT	Length= 00000000 External STDCALL
WriteString  . . . . . . . . . .	P Near	 00000000 FLAT	Length= 00000000 External STDCALL
WriteToFile  . . . . . . . . . .	P Near	 00000000 FLAT	Length= 00000000 External STDCALL
WriteWindowsMsg  . . . . . . . .	P Near	 00000000 FLAT	Length= 00000000 External STDCALL
displayList  . . . . . . . . . .	P Near	 00000163 _TEXT	Length= 0000004F Public STDCALL
  again  . . . . . . . . . . . .	L Near	 0000017E _TEXT	
  noNewLine  . . . . . . . . . .	L Near	 0000019F _TEXT	
exchange . . . . . . . . . . . .	P Near	 0000014B _TEXT	Length= 00000018 Public STDCALL
fillArray  . . . . . . . . . . .	P Near	 000000EB _TEXT	Length= 00000022 Public STDCALL
  again  . . . . . . . . . . . .	L Near	 000000F4 _TEXT	
getUserData  . . . . . . . . . .	P Near	 000000AC _TEXT	Length= 0000003F Public STDCALL
  TryAgain . . . . . . . . . . .	L Near	 000000C3 _TEXT	
  InvalidInput . . . . . . . . .	L Near	 000000D1 _TEXT	
  AllIsWell  . . . . . . . . . .	L Near	 000000E2 _TEXT	
introduction . . . . . . . . . .	P Near	 00000065 _TEXT	Length= 00000047 Public STDCALL
main . . . . . . . . . . . . . .	P Near	 00000000 _TEXT	Length= 00000065 Public STDCALL
printf . . . . . . . . . . . . .	P Near	 00000000 FLAT	Length= 00000000 External C
scanf  . . . . . . . . . . . . .	P Near	 00000000 FLAT	Length= 00000000 External C
sortList . . . . . . . . . . . .	P Near	 0000010D _TEXT	Length= 0000003E Public STDCALL
  outer  . . . . . . . . . . . .	L Near	 00000118 _TEXT	
  inner  . . . . . . . . . . . .	L Near	 00000129 _TEXT	
  swap . . . . . . . . . . . . .	L Near	 00000132 _TEXT	
  noSwap . . . . . . . . . . . .	L Near	 0000013F _TEXT	
  finished . . . . . . . . . . .	L Near	 00000144 _TEXT	
wsprintfA  . . . . . . . . . . .	P Near	 00000000 FLAT	Length= 00000000 External C


Symbols:

                N a m e                 Type     Value    Attr

@CodeSize  . . . . . . . . . . .	Number	 00000000h   
@DataSize  . . . . . . . . . . .	Number	 00000000h   
@Interface . . . . . . . . . . .	Number	 00000003h   
@Model . . . . . . . . . . . . .	Number	 00000007h   
@code  . . . . . . . . . . . . .	Text   	 _TEXT
@data  . . . . . . . . . . . . .	Text   	 FLAT
@fardata?  . . . . . . . . . . .	Text   	 FLAT
@fardata . . . . . . . . . . . .	Text   	 FLAT
@stack . . . . . . . . . . . . .	Text   	 FLAT
ALT_MASK . . . . . . . . . . . .	Number	 00000003h   
CAPSLOCK_ON  . . . . . . . . . .	Number	 00000080h   
CREATE_ALWAYS  . . . . . . . . .	Number	 00000002h   
CREATE_NEW . . . . . . . . . . .	Number	 00000001h   
CTRL_MASK  . . . . . . . . . . .	Number	 0000000Ch   
CreateFile . . . . . . . . . . .	Text   	 CreateFileA
DO_NOT_SHARE . . . . . . . . . .	Number	 00000000h   
ENABLE_ECHO_INPUT  . . . . . . .	Number	 00000004h   
ENABLE_LINE_INPUT  . . . . . . .	Number	 00000002h   
ENABLE_MOUSE_INPUT . . . . . . .	Number	 00000010h   
ENABLE_PROCESSED_INPUT . . . . .	Number	 00000001h   
ENABLE_PROCESSED_OUTPUT  . . . .	Number	 00000001h   
ENABLE_WINDOW_INPUT  . . . . . .	Number	 00000008h   
ENABLE_WRAP_AT_EOL_OUTPUT  . . .	Number	 00000002h   
ENHANCED_KEY . . . . . . . . . .	Number	 00000100h   
FALSE  . . . . . . . . . . . . .	Number	 00000000h   
FILE_APPEND_DATA . . . . . . . .	Number	 00000004h   
FILE_ATTRIBUTE_ARCHIVE . . . . .	Number	 00000020h   
FILE_ATTRIBUTE_COMPRESSED  . . .	Number	 00000800h   
FILE_ATTRIBUTE_DEVICE  . . . . .	Number	 00000040h   
FILE_ATTRIBUTE_DIRECTORY . . . .	Number	 00000010h   
FILE_ATTRIBUTE_ENCRYPTED . . . .	Number	 00004000h   
FILE_ATTRIBUTE_HIDDEN  . . . . .	Number	 00000002h   
FILE_ATTRIBUTE_NORMAL  . . . . .	Number	 00000080h   
FILE_ATTRIBUTE_NOT_CONTENT_INDEXED .	Number	 00002000h   
FILE_ATTRIBUTE_OFFLINE . . . . .	Number	 00001000h   
FILE_ATTRIBUTE_READONLY  . . . .	Number	 00000001h   
FILE_ATTRIBUTE_REPARSE_POINT . .	Number	 00000400h   
FILE_ATTRIBUTE_SPARSE_FILE . . .	Number	 00000200h   
FILE_ATTRIBUTE_SYSTEM  . . . . .	Number	 00000004h   
FILE_ATTRIBUTE_TEMPORARY . . . .	Number	 00000100h   
FILE_BEGIN . . . . . . . . . . .	Number	 00000000h   
FILE_CURRENT . . . . . . . . . .	Number	 00000001h   
FILE_DELETE_CHILD  . . . . . . .	Number	 00000040h   
FILE_END . . . . . . . . . . . .	Number	 00000002h   
FILE_READ_DATA . . . . . . . . .	Number	 00000001h   
FILE_SHARE_DELETE  . . . . . . .	Number	 00000004h   
FILE_SHARE_READ  . . . . . . . .	Number	 00000001h   
FILE_SHARE_WRITE . . . . . . . .	Number	 00000002h   
FILE_WRITE_DATA  . . . . . . . .	Number	 00000002h   
FOCUS_EVENT  . . . . . . . . . .	Number	 00000010h   
FORMAT_MESSAGE_ALLOCATE_BUFFER .	Number	 00000100h   
FORMAT_MESSAGE_FROM_SYSTEM . . .	Number	 00001000h   
FormatMessage  . . . . . . . . .	Text   	 FormatMessageA
GENERIC_ALL  . . . . . . . . . .	Number	 10000000h   
GENERIC_EXECUTE  . . . . . . . .	Number	 20000000h   
GENERIC_READ . . . . . . . . . .	Number	 -80000000h   
GENERIC_WRITE  . . . . . . . . .	Number	 40000000h   
GetCommandLine . . . . . . . . .	Text   	 GetCommandLineA
HANDLE . . . . . . . . . . . . .	Text   	 DWORD
HEAP_GENERATE_EXCEPTIONS . . . .	Number	 00000004h   
HEAP_GROWABLE  . . . . . . . . .	Number	 00000002h   
HEAP_NO_SERIALIZE  . . . . . . .	Number	 00000001h   
HEAP_REALLOC_IN_PLACE_ONLY . . .	Number	 00000010h   
HEAP_ZERO_MEMORY . . . . . . . .	Number	 00000008h   
HI . . . . . . . . . . . . . . .	Number	 000003E7h   
IDABORT  . . . . . . . . . . . .	Number	 00000003h   
IDCANCEL . . . . . . . . . . . .	Number	 00000002h   
IDCLOSE  . . . . . . . . . . . .	Number	 00000008h   
IDCONTINUE . . . . . . . . . . .	Number	 0000000Bh   
IDHELP . . . . . . . . . . . . .	Number	 00000009h   
IDIGNORE . . . . . . . . . . . .	Number	 00000005h   
IDNO . . . . . . . . . . . . . .	Number	 00000007h   
IDOK . . . . . . . . . . . . . .	Number	 00000001h   
IDRETRY  . . . . . . . . . . . .	Number	 00000004h   
IDTIMEOUT  . . . . . . . . . . .	Number	 00007D00h   
IDTRYAGAIN . . . . . . . . . . .	Number	 0000000Ah   
IDYES  . . . . . . . . . . . . .	Number	 00000006h   
INVALID_HANDLE_VALUE . . . . . .	Number	 -00000001h   
KBDOWN_FLAG  . . . . . . . . . .	Number	 00000001h   
KEY_EVENT  . . . . . . . . . . .	Number	 00000001h   
KEY_MASKS  . . . . . . . . . . .	Number	 0000001Fh   
LEFT_ALT_PRESSED . . . . . . . .	Number	 00000002h   
LEFT_CTRL_PRESSED  . . . . . . .	Number	 00000008h   
LO . . . . . . . . . . . . . . .	Number	 00000064h   
MAX  . . . . . . . . . . . . . .	Number	 000000C8h   
MB_ABORTRETRYIGNORE  . . . . . .	Number	 00000002h   
MB_APPLMODAL . . . . . . . . . .	Number	 00000000h   
MB_CANCELTRYCONTINUE . . . . . .	Number	 00000006h   
MB_DEFBUTTON1  . . . . . . . . .	Number	 00000000h   
MB_DEFBUTTON2  . . . . . . . . .	Number	 00000100h   
MB_DEFBUTTON3  . . . . . . . . .	Number	 00000200h   
MB_DEFBUTTON4  . . . . . . . . .	Number	 00000300h   
MB_HELP  . . . . . . . . . . . .	Number	 00004000h   
MB_ICONASTERISK  . . . . . . . .	Number	 00000040h   
MB_ICONERROR . . . . . . . . . .	Number	 00000010h   
MB_ICONEXCLAMATION . . . . . . .	Number	 00000030h   
MB_ICONHAND  . . . . . . . . . .	Number	 00000010h   
MB_ICONINFORMATION . . . . . . .	Number	 00000040h   
MB_ICONQUESTION  . . . . . . . .	Number	 00000020h   
MB_ICONSTOP  . . . . . . . . . .	Number	 00000010h   
MB_ICONWARNING . . . . . . . . .	Number	 00000030h   
MB_OKCANCEL  . . . . . . . . . .	Number	 00000001h   
MB_OK  . . . . . . . . . . . . .	Number	 00000000h   
MB_RETRYCANCEL . . . . . . . . .	Number	 00000005h   
MB_SYSTEMMODAL . . . . . . . . .	Number	 00001000h   
MB_TASKMODAL . . . . . . . . . .	Number	 00002000h   
MB_USERICON  . . . . . . . . . .	Number	 00000080h   
MB_YESNOCANCEL . . . . . . . . .	Number	 00000003h   
MB_YESNO . . . . . . . . . . . .	Number	 00000004h   
MENU_EVENT . . . . . . . . . . .	Number	 00000008h   
MIN  . . . . . . . . . . . . . .	Number	 0000000Ah   
MOUSE_EVENT  . . . . . . . . . .	Number	 00000002h   
MessageBox . . . . . . . . . . .	Text   	 MessageBoxA
NULL . . . . . . . . . . . . . .	Number	 00000000h   
NUMLOCK_ON . . . . . . . . . . .	Number	 00000020h   
OPEN_ALWAYS  . . . . . . . . . .	Number	 00000004h   
OPEN_EXISTING  . . . . . . . . .	Number	 00000003h   
PeekConsoleInput . . . . . . . .	Text   	 PeekConsoleInputA
RIGHT_ALT_PRESSED  . . . . . . .	Number	 00000001h   
RIGHT_CTRL_PRESSED . . . . . . .	Number	 00000004h   
ReadConsoleInput . . . . . . . .	Text   	 ReadConsoleInputA
ReadConsole  . . . . . . . . . .	Text   	 ReadConsoleA
SCROLLLOCK_ON  . . . . . . . . .	Number	 00000040h   
SHIFT_MASK . . . . . . . . . . .	Number	 00000010h   
SHIFT_PRESSED  . . . . . . . . .	Number	 00000010h   
STD_ERROR_HANDLE . . . . . . . .	Number	 -0000000Ch   
STD_INPUT_HANDLE . . . . . . . .	Number	 -0000000Ah   
STD_OUTPUT_HANDLE  . . . . . . .	Number	 -0000000Bh   
SetConsoleTitle  . . . . . . . .	Text   	 SetConsoleTitleA
TAB  . . . . . . . . . . . . . .	Number	 00000009h   
TRUE . . . . . . . . . . . . . .	Number	 00000001h   
TRUNCATE_EXISTING  . . . . . . .	Number	 00000005h   
VK_11  . . . . . . . . . . . . .	Number	 000000BDh   
VK_12  . . . . . . . . . . . . .	Number	 000000BBh   
VK_ADD . . . . . . . . . . . . .	Number	 0000006Bh   
VK_BACK  . . . . . . . . . . . .	Number	 00000008h   
VK_CANCEL  . . . . . . . . . . .	Number	 00000003h   
VK_CAPITAL . . . . . . . . . . .	Number	 00000014h   
VK_CLEAR . . . . . . . . . . . .	Number	 0000000Ch   
VK_CONTROL . . . . . . . . . . .	Number	 00000011h   
VK_DECIMAL . . . . . . . . . . .	Number	 0000006Eh   
VK_DELETE  . . . . . . . . . . .	Number	 0000002Eh   
VK_DIVIDE  . . . . . . . . . . .	Number	 0000006Fh   
VK_DOWN  . . . . . . . . . . . .	Number	 00000028h   
VK_END . . . . . . . . . . . . .	Number	 00000023h   
VK_ESCAPE  . . . . . . . . . . .	Number	 0000001Bh   
VK_EXECUTE . . . . . . . . . . .	Number	 0000002Bh   
VK_F10 . . . . . . . . . . . . .	Number	 00000079h   
VK_F11 . . . . . . . . . . . . .	Number	 0000007Ah   
VK_F12 . . . . . . . . . . . . .	Number	 0000007Bh   
VK_F13 . . . . . . . . . . . . .	Number	 0000007Ch   
VK_F14 . . . . . . . . . . . . .	Number	 0000007Dh   
VK_F15 . . . . . . . . . . . . .	Number	 0000007Eh   
VK_F16 . . . . . . . . . . . . .	Number	 0000007Fh   
VK_F17 . . . . . . . . . . . . .	Number	 00000080h   
VK_F18 . . . . . . . . . . . . .	Number	 00000081h   
VK_F19 . . . . . . . . . . . . .	Number	 00000082h   
VK_F1  . . . . . . . . . . . . .	Number	 00000070h   
VK_F20 . . . . . . . . . . . . .	Number	 00000083h   
VK_F21 . . . . . . . . . . . . .	Number	 00000084h   
VK_F22 . . . . . . . . . . . . .	Number	 00000085h   
VK_F23 . . . . . . . . . . . . .	Number	 00000086h   
VK_F24 . . . . . . . . . . . . .	Number	 00000087h   
VK_F2  . . . . . . . . . . . . .	Number	 00000071h   
VK_F3  . . . . . . . . . . . . .	Number	 00000072h   
VK_F4  . . . . . . . . . . . . .	Number	 00000073h   
VK_F5  . . . . . . . . . . . . .	Number	 00000074h   
VK_F6  . . . . . . . . . . . . .	Number	 00000075h   
VK_F7  . . . . . . . . . . . . .	Number	 00000076h   
VK_F8  . . . . . . . . . . . . .	Number	 00000077h   
VK_F9  . . . . . . . . . . . . .	Number	 00000078h   
VK_HELP  . . . . . . . . . . . .	Number	 0000002Fh   
VK_HOME  . . . . . . . . . . . .	Number	 00000024h   
VK_INSERT  . . . . . . . . . . .	Number	 0000002Dh   
VK_LBUTTON . . . . . . . . . . .	Number	 00000001h   
VK_LCONTROL  . . . . . . . . . .	Number	 000000A2h   
VK_LEFT  . . . . . . . . . . . .	Number	 00000025h   
VK_LMENU . . . . . . . . . . . .	Number	 000000A4h   
VK_LSHIFT  . . . . . . . . . . .	Number	 000000A0h   
VK_MENU  . . . . . . . . . . . .	Number	 00000012h   
VK_MULTIPLY  . . . . . . . . . .	Number	 0000006Ah   
VK_NEXT  . . . . . . . . . . . .	Number	 00000022h   
VK_NUMLOCK . . . . . . . . . . .	Number	 00000090h   
VK_NUMPAD0 . . . . . . . . . . .	Number	 00000060h   
VK_NUMPAD1 . . . . . . . . . . .	Number	 00000061h   
VK_NUMPAD2 . . . . . . . . . . .	Number	 00000062h   
VK_NUMPAD3 . . . . . . . . . . .	Number	 00000063h   
VK_NUMPAD4 . . . . . . . . . . .	Number	 00000064h   
VK_NUMPAD5 . . . . . . . . . . .	Number	 00000065h   
VK_NUMPAD6 . . . . . . . . . . .	Number	 00000066h   
VK_NUMPAD7 . . . . . . . . . . .	Number	 00000067h   
VK_NUMPAD8 . . . . . . . . . . .	Number	 00000068h   
VK_NUMPAD9 . . . . . . . . . . .	Number	 00000069h   
VK_PAUSE . . . . . . . . . . . .	Number	 00000013h   
VK_PRINT . . . . . . . . . . . .	Number	 0000002Ah   
VK_PRIOR . . . . . . . . . . . .	Number	 00000021h   
VK_RBUTTON . . . . . . . . . . .	Number	 00000002h   
VK_RCONTROL  . . . . . . . . . .	Number	 000000A3h   
VK_RETURN  . . . . . . . . . . .	Number	 0000000Dh   
VK_RIGHT . . . . . . . . . . . .	Number	 00000027h   
VK_RMENU . . . . . . . . . . . .	Number	 000000A5h   
VK_RSHIFT  . . . . . . . . . . .	Number	 000000A1h   
VK_SCROLL  . . . . . . . . . . .	Number	 00000091h   
VK_SEPARATER . . . . . . . . . .	Number	 0000006Ch   
VK_SHIFT . . . . . . . . . . . .	Number	 00000010h   
VK_SNAPSHOT  . . . . . . . . . .	Number	 0000002Ch   
VK_SPACE . . . . . . . . . . . .	Number	 00000020h   
VK_SUBTRACT  . . . . . . . . . .	Number	 0000006Dh   
VK_TAB . . . . . . . . . . . . .	Number	 00000009h   
VK_UP  . . . . . . . . . . . . .	Number	 00000026h   
WINDOW_BUFFER_SIZE_EVENT . . . .	Number	 00000004h   
WriteConsoleOutputCharacter  . .	Text   	 WriteConsoleOutputCharacterA
WriteConsole . . . . . . . . . .	Text   	 WriteConsoleA
arrayOfInts  . . . . . . . . . .	DWord	 00000004 _DATA	
black  . . . . . . . . . . . . .	Number	 00000000h   
blue . . . . . . . . . . . . . .	Number	 00000001h   
brown  . . . . . . . . . . . . .	Number	 00000006h   
cyan . . . . . . . . . . . . . .	Number	 00000003h   
ec_1 . . . . . . . . . . . . . .	Byte	 00000453 _DATA	
error_1  . . . . . . . . . . . .	Byte	 000004A7 _DATA	
exit . . . . . . . . . . . . . .	Text   	 INVOKE ExitProcess,0
gray . . . . . . . . . . . . . .	Number	 00000008h   
green  . . . . . . . . . . . . .	Number	 00000002h   
intro_1  . . . . . . . . . . . .	Byte	 00000324 _DATA	
intro_2  . . . . . . . . . . . .	Byte	 0000035D _DATA	
intro_3  . . . . . . . . . . . .	Byte	 0000039E _DATA	
intro_4  . . . . . . . . . . . .	Byte	 000003DD _DATA	
lightBlue  . . . . . . . . . . .	Number	 00000009h   
lightCyan  . . . . . . . . . . .	Number	 0000000Bh   
lightGray  . . . . . . . . . . .	Number	 00000007h   
lightGreen . . . . . . . . . . .	Number	 0000000Ah   
lightMagenta . . . . . . . . . .	Number	 0000000Dh   
lightRed . . . . . . . . . . . .	Number	 0000000Ch   
magenta  . . . . . . . . . . . .	Number	 00000005h   
numberOfInts . . . . . . . . . .	DWord	 00000000 _DATA	
prompt_1 . . . . . . . . . . . .	Byte	 00000473 _DATA	
red  . . . . . . . . . . . . . .	Number	 00000004h   
title_1  . . . . . . . . . . . .	Byte	 00000425 _DATA	
title_2  . . . . . . . . . . . .	Byte	 00000442 _DATA	
white  . . . . . . . . . . . . .	Number	 0000000Fh   
wsprintf . . . . . . . . . . . .	Text   	 wsprintfA
yellow . . . . . . . . . . . . .	Number	 0000000Eh   

	   0 Warnings
	   0 Errors
