Microsoft (R) Macro Assembler Version 14.16.27026.1	    03/07/19 23:50:06
5Designing Lowlevel I/O procedures    (Project06A.asm	     Page 1 - 1


				TITLE  Designing Lowlevel I/O procedures    (Project06A.asm)

				; Author: Andrew Wilson
				; Last Modified: Mar 5, 2019
				; OSU email address: wilsoan6@oregonstate.edu
				; Course number/section: 271-400
				; Project Number: #6                Due Date: March 17, 2019
				; Description: This program asks the user for 10 unsigned integers, then displays a list
				;			   of the integers, their sum, and their average value.

				INCLUDE Irvine32.inc
			      C ; Include file for Irvine32.lib             (Irvine32.inc)
			      C 
			      C ;OPTION CASEMAP:NONE		; optional: make identifiers case-sensitive
			      C 
			      C INCLUDE SmallWin.inc		; MS-Windows prototypes, structures, and constants
			      C .NOLIST
			      C .LIST
			      C 
			      C INCLUDE VirtualKeys.inc
			      C ; VirtualKeys.inc
			      C .NOLIST
			      C .LIST
			      C 
			      C 
			      C .NOLIST
			      C .LIST
			      C 

				writeStringMacro	MACRO	stringAddress
					push	edx				;Save edx
					mov		edx, stringAddress
					call	WriteString
					pop		edx				;Restore edx
				ENDM

				getStringMacro	MACRO	promptAddress, inStringAddress, stringLengthAddress

					push	edx				;Save edx
					push	ecx				;save ecx

					writeStringMacro	promptAddress
					mov		edx, inStringAddress
					mov		ecx, MAX_IN_SIZE
					call	ReadString
					mov		stringLengthAddress, eax

					pop		ecx				;Restore ecx
					pop		edx				;Restore edx
				ENDM

				dotSpace	MACRO

					push	eax				;Save edx
					mov		eax, 46			;ASCII '.'
					call	WriteChar
					mov		eax, 32			;ASCII ' '
					call	WriteChar
					pop		eax				;Restore edx

				ENDM

				commaSpace	MACRO

					push	eax				;Save edx
					mov		eax, 44			;ASCII ','
					call	WriteChar
					mov		eax, 32			;ASCII ' '
					call	WriteChar
					pop		eax				;Restore edx

				ENDM

 = 0000000B			MAX_IN_SIZE		= 11
 = 0000000B			MAX_OUT_SIZE	= 11

 00000000			.data

 00000000 57 65 6C 63 6F	intro_1			BYTE	"Welcome to Designing low-level I/O procedures     by Andrew Wilson ", 0
	   6D 65 20 74 6F
	   20 44 65 73 69
	   67 6E 69 6E 67
	   20 6C 6F 77 2D
	   6C 65 76 65 6C
	   20 49 2F 4F 20
	   70 72 6F 63 65
	   64 75 72 65 73
	   20 20 20 20 20
	   62 79 20 41 6E
	   64 72 65 77 20
	   57 69 6C 73 6F
	   6E 20 00
 00000044 50 6C 65 61 73	intro_2			BYTE	"Please provide 10 unsigned decimal integers.", 0
	   65 20 70 72 6F
	   76 69 64 65 20
	   31 30 20 75 6E
	   73 69 67 6E 65
	   64 20 64 65 63
	   69 6D 61 6C 20
	   69 6E 74 65 67
	   65 72 73 2E 00
 00000071 45 61 63 68 20	intro_3			BYTE	"Each number needs to be small enough to fit inside a 32 bit register.", 0
	   6E 75 6D 62 65
	   72 20 6E 65 65
	   64 73 20 74 6F
	   20 62 65 20 73
	   6D 61 6C 6C 20
	   65 6E 6F 75 67
	   68 20 74 6F 20
	   66 69 74 20 69
	   6E 73 69 64 65
	   20 61 20 33 32
	   20 62 69 74 20
	   72 65 67 69 73
	   74 65 72 2E 00
 000000B7 41 66 74 65 72	intro_4			BYTE	"After you have finished inputting the raw numbers I will display a list", 0
	   20 79 6F 75 20
	   68 61 76 65 20
	   66 69 6E 69 73
	   68 65 64 20 69
	   6E 70 75 74 74
	   69 6E 67 20 74
	   68 65 20 72 61
	   77 20 6E 75 6D
	   62 65 72 73 20
	   49 20 77 69 6C
	   6C 20 64 69 73
	   70 6C 61 79 20
	   61 20 6C 69 73
	   74 00
 000000FF 6F 66 20 74 68	intro_5			BYTE	"of the integers, their sum, and their average value.", 0
	   65 20 69 6E 74
	   65 67 65 72 73
	   2C 20 74 68 65
	   69 72 20 73 75
	   6D 2C 20 61 6E
	   64 20 74 68 65
	   69 72 20 61 76
	   65 72 61 67 65
	   20 76 61 6C 75
	   65 2E 00
 00000134 50 6C 65 61 73	prompt_1		BYTE	"Please enter an unsigned number: ",0
	   65 20 65 6E 74
	   65 72 20 61 6E
	   20 75 6E 73 69
	   67 6E 65 64 20
	   6E 75 6D 62 65
	   72 3A 20 00
 00000156 45 52 52 4F 52	error_1			BYTE	"ERROR: You did not enter an unsigned number or your number was too big.",0
	   3A 20 59 6F 75
	   20 64 69 64 20
	   6E 6F 74 20 65
	   6E 74 65 72 20
	   61 6E 20 75 6E
	   73 69 67 6E 65
	   64 20 6E 75 6D
	   62 65 72 20 6F
	   72 20 79 6F 75
	   72 20 6E 75 6D
	   62 65 72 20 77
	   61 73 20 74 6F
	   6F 20 62 69 67
	   2E 00
 0000019E 50 6C 65 61 73	error_2			BYTE	"Please try again: ",0
	   65 20 74 72 79
	   20 61 67 61 69
	   6E 3A 20 00
 000001B1 59 6F 75 20 65	output_1		BYTE	"You entered the following numbers:",0
	   6E 74 65 72 65
	   64 20 74 68 65
	   20 66 6F 6C 6C
	   6F 77 69 6E 67
	   20 6E 75 6D 62
	   65 72 73 3A 00
 000001D4 54 68 65 20 73	output_2		BYTE	"The sum of these numbers is: ",0
	   75 6D 20 6F 66
	   20 74 68 65 73
	   65 20 6E 75 6D
	   62 65 72 73 20
	   69 73 3A 20 00
 000001F2 54 68 65 20 61	output_3		BYTE	"The average is: ",0
	   76 65 72 61 67
	   65 20 69 73 3A
	   20 00
 00000203			inString		BYTE	MAX_IN_SIZE DUP(?)		; User's string
 0000020E			outString		BYTE	MAX_OUT_SIZE DUP(?)		; User's string
 00000219			arrayOfInts		DWORD	10	DUP(?)			;array of ints
 00000241 00000000		stringLength	DWORD	0
 00000245 00000000		sum				DWORD	0


 00000000			.code
 00000000			main PROC

 00000000  68 00000000 R		push	OFFSET intro_1	;24
 00000005  68 00000044 R		push	OFFSET intro_2	;20
 0000000A  68 00000071 R		push	OFFSET intro_3	;16
 0000000F  68 000000B7 R		push	OFFSET intro_4	;12
 00000014  68 000000FF R		push	OFFSET intro_5	;8
 00000019  E8 00000062			call	introduction

 0000001E  68 00000241 R		push	OFFSET stringLength	;28
 00000023  68 00000219 R		push	OFFSET arrayOfInts	;24
 00000028  68 0000019E R		push	OFFSET error_2		;20
 0000002D  68 00000156 R		push	OFFSET error_1		;16
 00000032  68 00000134 R		push	OFFSET prompt_1		;12
 00000037  68 00000203 R		push	OFFSET inString		;8
 0000003C  E8 0000009B			call	getUserData

 00000041  68 00000245 R		push	OFFSET sum			;12
 00000046  68 00000219 R		push	OFFSET arrayOfInts	;8
 0000004B  E8 0000016A			call	calculateSum

 00000050  E8 00000000 E		call	crlf
 00000055  68 000001B1 R		push	OFFSET output_1		;28
 0000005A  68 000001D4 R		push	OFFSET output_2		;24
 0000005F  68 000001F2 R		push	OFFSET output_3		;20
 00000064  FF 35 00000245 R		push	sum					;16
 0000006A  68 00000219 R		push	OFFSET arrayOfInts	;12
 0000006F  68 0000020E R		push	OFFSET outString	;8
 00000074  E8 00000165			call	displayData
					
					;mov	eax, sum
					;call	WriteDec

					exit	; exit to operating system
 00000079  6A 00	   *	    push   +000000000h
 0000007B  E8 00000000 E   *	    call   ExitProcess
 00000080			main ENDP

				;********************************************************************************************************
				;Procedure to introduce the program.
				;receives: none
				;returns: none
				;preconditions:  needs strings called intro_1, intro_2, intro_3, intro_4 and intro_5
				;registers changed: edx
				;********************************************************************************************************
 00000080			introduction	PROC
 00000080  55				push	ebp
 00000081  8B EC			mov		ebp, esp

					writeStringMacro [ebp+24]	;@intro_1
 00000083  52		     1		push	edx				;Save edx
 00000084  8B 55 18	     1		mov		edx, [ebp+24]
 00000087  E8 00000000 E     1		call	WriteString
 0000008C  5A		     1		pop		edx				;Restore edx
 0000008D  E8 00000000 E		call	crlf
 00000092  E8 00000000 E		call	crlf
					writeStringMacro [ebp+20]	;@intro_2
 00000097  52		     1		push	edx				;Save edx
 00000098  8B 55 14	     1		mov		edx, [ebp+20]
 0000009B  E8 00000000 E     1		call	WriteString
 000000A0  5A		     1		pop		edx				;Restore edx
 000000A1  E8 00000000 E		call	crlf
					writeStringMacro [ebp+16]	;@intro_3
 000000A6  52		     1		push	edx				;Save edx
 000000A7  8B 55 10	     1		mov		edx, [ebp+16]
 000000AA  E8 00000000 E     1		call	WriteString
 000000AF  5A		     1		pop		edx				;Restore edx
 000000B0  E8 00000000 E		call	crlf
					writeStringMacro [ebp+12]	;@intro_4
 000000B5  52		     1		push	edx				;Save edx
 000000B6  8B 55 0C	     1		mov		edx, [ebp+12]
 000000B9  E8 00000000 E     1		call	WriteString
 000000BE  5A		     1		pop		edx				;Restore edx
 000000BF  E8 00000000 E		call	crlf
					writeStringMacro [ebp+8]	;@intro_5
 000000C4  52		     1		push	edx				;Save edx
 000000C5  8B 55 08	     1		mov		edx, [ebp+8]
 000000C8  E8 00000000 E     1		call	WriteString
 000000CD  5A		     1		pop		edx				;Restore edx
 000000CE  E8 00000000 E		call	crlf
 000000D3  E8 00000000 E		call	crlf

 000000D8  5D				pop		ebp
 000000D9  C2 0014			ret		20
 000000DC			introduction	ENDP

				;********************************************************************************************************
				;Procedure to get int data from user. Calls readVal.
				;receives: two error prompts, one imput prompt, one DWORD array for storing ints, and one string for reading in keyboard input
				;returns: user input values into DWORD array
				;preconditions:  push array, error two, error one, prompt, and string in that order
				;registers changed: eax, ebx, ecx, edx
				;********************************************************************************************************
 000000DC			getUserData	PROC
 000000DC  55				push	ebp
 000000DD  8B EC			mov		ebp, esp
 000000DF  51				push	ecx			;save ecx

 000000E0  B9 0000000A			mov		ecx, 10		;need to get 10 ints
 000000E5			top:
 000000E5  FF 75 1C			push	[ebp+28]	;@stringLength	
 000000E8  B8 0000000A			mov		eax, 10		;(10 - edx) * 4 = offset from front of array of leftmost open space
 000000ED  2B C1			sub		eax, ecx
 000000EF  BB 00000004			mov		ebx, 4
 000000F4  F7 E3			mul		ebx
 000000F6  03 45 18			add		eax, [ebp+24] ;@arrayOfInts
 000000F9  50				push	eax
 000000FA  FF 75 14			push	[ebp+20]	;@error_2		
 000000FD  FF 75 10			push	[ebp+16]	;@error_1		
 00000100  FF 75 0C			push	[ebp+12]	;@prompt_1		
 00000103  FF 75 08			push	[ebp+8]		;@inString		

 00000106  E8 00000007			call	readVal
 0000010B  E2 D8			loop	top

 0000010D  59				pop		ecx
 0000010E  5D				pop		ebp
 0000010F  C2 0018			ret		24
 00000112			getUserData	ENDP


				;********************************************************************************************************
				;Invokes the getString macro to get the user’s string of digits, converts the digit string to numeric, 
				;and validates the user’s input.
				;receives: two error prompts, one imput prompt, one DWORD array for storing ints, and one string for reading in keyboard input
				;returns: user input values into DWORD array
				;preconditions:  push error one, error two, prompt, array, and string in that order
				;registers changed: eax, ebx, ecx, edx
				;********************************************************************************************************
 00000112			readVal	PROC
 00000112  55				push	ebp
 00000113  8B EC			mov		ebp, esp
 00000115  50				push	eax
 00000116  53				push	ebx
 00000117  51				push	ecx		;save outer loop
 00000118  52				push	edx
 00000119  8B 7D 18			mov		edi, [ebp+24]

					;[ebp+28] ;@stringLength
					;[ebp+24] ;@arrayOfInts
					;[ebp+20] ;@error_2		
					;[ebp+16] ;@error_1		
					;[ebp+12] ;@prompt_1		
					;[ebp+8]  ;@inString		
					
					getStringMacro [ebp+12], [ebp+8], [ebp+28]	;prompt 1, inString
 0000011C  52		     1		push	edx				;Save edx
 0000011D  51		     1		push	ecx				;save ecx
 0000011E  52		     2		push	edx				;Save edx
 0000011F  8B 55 0C	     2		mov		edx, [ebp+12]
 00000122  E8 00000000 E     2		call	WriteString
 00000127  5A		     2		pop		edx				;Restore edx
 00000128  8B 55 08	     1		mov		edx, [ebp+8]
 0000012B  B9 0000000B	     1		mov		ecx, MAX_IN_SIZE
 00000130  E8 00000000 E     1		call	ReadString
 00000135  89 45 1C	     1		mov		[ebp+28], eax
 00000138  59		     1		pop		ecx				;Restore ecx
 00000139  5A		     1		pop		edx				;Restore edx
 0000013A  8B 45 1C			mov		eax, [ebp+28]		;string length
 0000013D  83 F8 0B			cmp		eax, MAX_IN_SIZE
 00000140  7F 02			jg		notValid
 00000142  EB 35			jmp		getInput

 00000144			notValid:
					writeStringMacro [ebp+16]			;error 1
 00000144  52		     1		push	edx				;Save edx
 00000145  8B 55 10	     1		mov		edx, [ebp+16]
 00000148  E8 00000000 E     1		call	WriteString
 0000014D  5A		     1		pop		edx				;Restore edx
 0000014E  E8 00000000 E		call	crlf
					getStringMacro [ebp+20], [ebp+8], [ebp+28]	;error 2
 00000153  52		     1		push	edx				;Save edx
 00000154  51		     1		push	ecx				;save ecx
 00000155  52		     2		push	edx				;Save edx
 00000156  8B 55 14	     2		mov		edx, [ebp+20]
 00000159  E8 00000000 E     2		call	WriteString
 0000015E  5A		     2		pop		edx				;Restore edx
 0000015F  8B 55 08	     1		mov		edx, [ebp+8]
 00000162  B9 0000000B	     1		mov		ecx, MAX_IN_SIZE
 00000167  E8 00000000 E     1		call	ReadString
 0000016C  89 45 1C	     1		mov		[ebp+28], eax
 0000016F  59		     1		pop		ecx				;Restore ecx
 00000170  5A		     1		pop		edx				;Restore edx
 00000171  8B 45 1C			mov		eax, [ebp+28]		;string length
 00000174  83 F8 0B			cmp		eax, MAX_IN_SIZE
 00000177  7F CB			jg		notValid

 00000179			getInput:
 00000179  8B 4D 1C			mov		ecx, [ebp+28]	;string length
 0000017C  B8 00000000			mov		eax, 0			;stores number for int conversion
 00000181  8B 75 08			mov		esi, [ebp+8]
 00000184  FC				cld

 00000185			checkString:
 00000185  50				push	eax			;store number being converted
 00000186  B8 00000000			mov		eax, 0
 0000018B  AC				lodsb
 0000018C  BB 00000000			mov		ebx, 0		;clear ebx
 00000191  8B D8			mov		ebx, eax
 00000193  58				pop		eax
 00000194  80 FB 30			cmp		bl, 48
 00000197  72 AB			jb		notValid
 00000199  80 FB 39			cmp		bl, 57
 0000019C  77 A6			ja		notValid
 0000019E  BA 0000000A			mov		edx, 10
 000001A3  F7 E2			mul		edx
 000001A5  72 9D			jc		notValid	;if carry flag is set, number is too big
 000001A7  80 EB 30			sub		bl, 48		;convert digit ASCII to int
 000001AA  03 C3			add		eax, ebx
 000001AC  72 96			jc		notValid	;if carry flag is set, number is too big
 000001AE  E2 D5			loop	checkString		

 000001B0  89 07			mov		[edi], eax	;store value in array

 000001B2  5A				pop		edx
 000001B3  59				pop		ecx			;restore outer loop
 000001B4  5B				pop		ebx
 000001B5  58				pop		eax
 000001B6  5D				pop		ebp
 000001B7  C2 0018			ret		24

 000001BA			readVal	ENDP


				;********************************************************************************************************
				;Calculates the sum of a 10-int DWORD array
				;receives: address of an array, address of a DWORD to store sum in
				;returns: sum of array in int variable
				;preconditions:  push array, then int
				;registers changed: eax, ecx
				;********************************************************************************************************
 000001BA			calculateSum	PROC
 000001BA  55				push	ebp
 000001BB  8B EC			mov		ebp, esp
 000001BD  50				push	eax
 000001BE  51				push	ecx

 000001BF  B8 00000000			mov		eax, 0
 000001C4  B9 0000000A			mov		ecx, 10
 000001C9  8B 75 08			mov		esi, [ebp+8]	;@array

 000001CC			sumLoop:
 000001CC  03 06			add		eax, [esi]
 000001CE  83 C6 04			add		esi, 4
 000001D1  E2 F9			loop	sumLoop

 000001D3  8B 7D 0C			mov		edi, [ebp+12]	;@sum
 000001D6  89 07			mov		[edi], eax

 000001D8  59				pop		ecx
 000001D9  58				pop		eax
 000001DA  5D				pop		ebp
 000001DB  C2 0008			ret		8
 000001DE			calculateSum	ENDP



				;********************************************************************************************************
				;Displays an array of DWORD ints and its DWOR avg as a text string.
				;receives: address of an array, address of a DWORD to store sum in
				;returns: 
				;preconditions:  push sum, array, then output string
				;registers changed: 
				;********************************************************************************************************
 000001DE			displayData	PROC
 000001DE  55				push	ebp
 000001DF  8B EC			mov		ebp, esp

 000001E1  8B 75 0C			mov		esi, [ebp+12]
 000001E4  B9 0000000A			mov		ecx, 10

					;OFFSET output_1	;28
					;OFFSET output_2	;24
					;OFFSET output_3	;20
					;sum				;16
					;OFFSET arrayOfInts	;12
					;OFFSET outString	;8
					writeStringMacro [ebp+28]	;output_1 (array contents)
 000001E9  52		     1		push	edx				;Save edx
 000001EA  8B 55 1C	     1		mov		edx, [ebp+28]
 000001ED  E8 00000000 E     1		call	WriteString
 000001F2  5A		     1		pop		edx				;Restore edx
 000001F3  E8 00000000 E		call	crlf

 000001F8			displayArray:
 000001F8  8B 06			mov		eax, [esi]			;@array
 000001FA  50				push	eax
 000001FB  FF 75 08			push	[ebp+8]				;@string
 000001FE  E8 00000067			call	writeVal
 00000203  83 F9 01			cmp		ecx, 1
 00000206  74 19			je		noCommaOnLastLoop
					commaSpace
 00000208  50		     1		push	eax				;Save edx
 00000209  B8 0000002C	     1		mov		eax, 44			;ASCII ','
 0000020E  E8 00000000 E     1		call	WriteChar
 00000213  B8 00000020	     1		mov		eax, 32			;ASCII ' '
 00000218  E8 00000000 E     1		call	WriteChar
 0000021D  58		     1		pop		eax				;Restore edx
 0000021E  83 C6 04			add		esi, 4
 00000221				noCommaOnLastLoop:
 00000221  E2 D5			loop	displayArray
 00000223  E8 00000000 E		call	crlf

					writeStringMacro [ebp+24]	;output_2 (sum)
 00000228  52		     1		push	edx				;Save edx
 00000229  8B 55 18	     1		mov		edx, [ebp+24]
 0000022C  E8 00000000 E     1		call	WriteString
 00000231  5A		     1		pop		edx				;Restore edx
 00000232  8B 45 10			mov		eax, [ebp+16]		;sum
 00000235  50				push	eax
 00000236  FF 75 08			push	[ebp+8]				;@string
 00000239  E8 0000002C			call	writeVal
 0000023E  E8 00000000 E		call	crlf

					writeStringMacro [ebp+20]	;output_1 (avg)
 00000243  52		     1		push	edx				;Save edx
 00000244  8B 55 14	     1		mov		edx, [ebp+20]
 00000247  E8 00000000 E     1		call	WriteString
 0000024C  5A		     1		pop		edx				;Restore edx
 0000024D  8B 45 10			mov		eax, [ebp+16]		;sum
 00000250  BB 0000000A			mov		ebx, 10
 00000255  99				cdq
 00000256  F7 F3			div		ebx					;divide sum by 10 to get avg
 00000258  50				push	eax
 00000259  FF 75 08			push	[ebp+8]				;@string
 0000025C  E8 00000009			call	writeVal
 00000261  E8 00000000 E		call	crlf

 00000266  5D				pop		ebp
 00000267  C2 0018			ret		24

 0000026A			displayData	ENDP

				;********************************************************************************************************
				;Convert a numeric value to a string of digits, and invoke the displayString macro to produce the output.
				;receives: DWORD number to print, address for a location to store the string
				;returns: 
				;preconditions: push number, then string
				;registers changed: eax, ebx, edx
				;********************************************************************************************************
 0000026A			writeVal	PROC
 0000026A  55				push	ebp
 0000026B  8B EC			mov		ebp, esp
 0000026D  50				push	eax
 0000026E  53				push	ebx
 0000026F  52				push	edx

					;[ebp+12] ;number		
					;[ebp+8]  ;@outString		

 00000270  8B 45 0C			mov		eax, [ebp+12]
 00000273  8B 7D 08			mov		edi, [ebp+8]
 00000276  83 C7 0B			add		edi, MAX_OUT_SIZE	;point to end of string
 00000279  4F				dec		edi
 0000027A  FD				std							;move backwards
 0000027B  BB 0000000A			mov		ebx, 10				;store divisor
 00000280  50				push	eax
 00000281  B8 00000000			mov		eax, 0
 00000286  AA				stosb						;store a 0 at the end to terminate string
 00000287  58				pop		eax

 00000288			conversion:
 00000288  BA 00000000			mov		edx, 0
 0000028D  F7 F3			div		ebx					;next digit is in edx
 0000028F  83 C2 30			add		edx, 48				;convert to ASCII number
 00000292  50				push	eax
 00000293  8B C2			mov		eax, edx
 00000295  AA				stosb						;store digit in string
 00000296  58				pop		eax					;restore eax to the quotient after using it to store the digit
 00000297  83 F8 00			cmp		eax, 0				;if the quotient is 0, there is no next digit
 0000029A  75 EC			jne		conversion			;otherwise, repeat the loop with next left digit

 0000029C  47				inc		edi					;edi is one space too far to the left

					writeStringMacro edi		;write it
 0000029D  52		     1		push	edx				;Save edx
 0000029E  8B D7	     1		mov		edx, edi
 000002A0  E8 00000000 E     1		call	WriteString
 000002A5  5A		     1		pop		edx				;Restore edx

 000002A6  5A				pop		edx
 000002A7  5B				pop		ebx
 000002A8  58				pop		eax
 000002A9  5D				pop		ebp
 000002AA  C2 0008			ret		8

 000002AD			writeVal	ENDP

				END main
Microsoft (R) Macro Assembler Version 14.16.27026.1	    03/07/19 23:50:06
5Designing Lowlevel I/O procedures    (Project06A.asm	     Symbols 2 - 1




Macros:

                N a m e                 Type

commaSpace . . . . . . . . . . .	Proc
dotSpace . . . . . . . . . . . .	Proc
getStringMacro . . . . . . . . .	Proc
writeStringMacro . . . . . . . .	Proc


Structures and Unions:

                N a m e                  Size
                                         Offset      Type

CONSOLE_CURSOR_INFO  . . . . . .	 00000008
  dwSize . . . . . . . . . . . .	 00000000	 DWord
  bVisible . . . . . . . . . . .	 00000004	 DWord
CONSOLE_SCREEN_BUFFER_INFO . . .	 00000016
  dwSize . . . . . . . . . . . .	 00000000	 DWord
  dwCursorPosition . . . . . . .	 00000004	 DWord
  wAttributes  . . . . . . . . .	 00000008	 Word
  srWindow . . . . . . . . . . .	 0000000A	 QWord
  dwMaximumWindowSize  . . . . .	 00000012	 DWord
COORD  . . . . . . . . . . . . .	 00000004
  X  . . . . . . . . . . . . . .	 00000000	 Word
  Y  . . . . . . . . . . . . . .	 00000002	 Word
FILETIME . . . . . . . . . . . .	 00000008
  loDateTime . . . . . . . . . .	 00000000	 DWord
  hiDateTime . . . . . . . . . .	 00000004	 DWord
FOCUS_EVENT_RECORD . . . . . . .	 00000004
  bSetFocus  . . . . . . . . . .	 00000000	 DWord
FPU_ENVIRON  . . . . . . . . . .	 0000001C
  controlWord  . . . . . . . . .	 00000000	 Word
  statusWord . . . . . . . . . .	 00000004	 Word
  tagWord  . . . . . . . . . . .	 00000008	 Word
  instrPointerOffset . . . . . .	 0000000C	 DWord
  instrPointerSelector . . . . .	 00000010	 DWord
  operandPointerOffset . . . . .	 00000014	 DWord
  operandPointerSelector . . . .	 00000018	 Word
INPUT_RECORD . . . . . . . . . .	 00000014
  EventType  . . . . . . . . . .	 00000000	 Word
  Event  . . . . . . . . . . . .	 00000004	 XmmWord
  bKeyDown . . . . . . . . . . .	 00000000	 DWord
  wRepeatCount . . . . . . . . .	 00000004	 Word
  wVirtualKeyCode  . . . . . . .	 00000006	 Word
  wVirtualScanCode . . . . . . .	 00000008	 Word
  uChar  . . . . . . . . . . . .	 0000000A	 Word
  UnicodeChar  . . . . . . . . .	 00000000	 Word
  AsciiChar  . . . . . . . . . .	 00000000	 Byte
  dwControlKeyState  . . . . . .	 0000000C	 DWord
  dwMousePosition  . . . . . . .	 00000000	 DWord
  dwButtonState  . . . . . . . .	 00000004	 DWord
  dwMouseControlKeyState . . . .	 00000008	 DWord
  dwEventFlags . . . . . . . . .	 0000000C	 DWord
  dwSize . . . . . . . . . . . .	 00000000	 DWord
  dwCommandId  . . . . . . . . .	 00000000	 DWord
  bSetFocus  . . . . . . . . . .	 00000000	 DWord
KEY_EVENT_RECORD . . . . . . . .	 00000010
  bKeyDown . . . . . . . . . . .	 00000000	 DWord
  wRepeatCount . . . . . . . . .	 00000004	 Word
  wVirtualKeyCode  . . . . . . .	 00000006	 Word
  wVirtualScanCode . . . . . . .	 00000008	 Word
  uChar  . . . . . . . . . . . .	 0000000A	 Word
  UnicodeChar  . . . . . . . . .	 00000000	 Word
  AsciiChar  . . . . . . . . . .	 00000000	 Byte
  dwControlKeyState  . . . . . .	 0000000C	 DWord
MENU_EVENT_RECORD  . . . . . . .	 00000004
  dwCommandId  . . . . . . . . .	 00000000	 DWord
MOUSE_EVENT_RECORD . . . . . . .	 00000010
  dwMousePosition  . . . . . . .	 00000000	 DWord
  dwButtonState  . . . . . . . .	 00000004	 DWord
  dwMouseControlKeyState . . . .	 00000008	 DWord
  dwEventFlags . . . . . . . . .	 0000000C	 DWord
SMALL_RECT . . . . . . . . . . .	 00000008
  Left . . . . . . . . . . . . .	 00000000	 Word
  Top  . . . . . . . . . . . . .	 00000002	 Word
  Right  . . . . . . . . . . . .	 00000004	 Word
  Bottom . . . . . . . . . . . .	 00000006	 Word
SYSTEMTIME . . . . . . . . . . .	 00000010
  wYear  . . . . . . . . . . . .	 00000000	 Word
  wMonth . . . . . . . . . . . .	 00000002	 Word
  wDayOfWeek . . . . . . . . . .	 00000004	 Word
  wDay . . . . . . . . . . . . .	 00000006	 Word
  wHour  . . . . . . . . . . . .	 00000008	 Word
  wMinute  . . . . . . . . . . .	 0000000A	 Word
  wSecond  . . . . . . . . . . .	 0000000C	 Word
  wMilliseconds  . . . . . . . .	 0000000E	 Word
WINDOW_BUFFER_SIZE_RECORD  . . .	 00000004
  dwSize . . . . . . . . . . . .	 00000000	 DWord


Segments and Groups:

                N a m e                 Size     Length   Align   Combine Class

FLAT . . . . . . . . . . . . . .	GROUP
STACK  . . . . . . . . . . . . .	32 Bit	 00001000 Para	  Stack	  'STACK'	 
_DATA  . . . . . . . . . . . . .	32 Bit	 00000249 Para	  Public  'DATA'	
_TEXT  . . . . . . . . . . . . .	32 Bit	 000002AD Para	  Public  'CODE'	


Procedures, parameters, and locals:

                N a m e                 Type     Value    Attr

CloseFile  . . . . . . . . . . .	P Near	 00000000 FLAT	Length= 00000000 External STDCALL
CloseHandle  . . . . . . . . . .	P Near	 00000000 FLAT	Length= 00000000 External STDCALL
Clrscr . . . . . . . . . . . . .	P Near	 00000000 FLAT	Length= 00000000 External STDCALL
CreateFileA  . . . . . . . . . .	P Near	 00000000 FLAT	Length= 00000000 External STDCALL
CreateOutputFile . . . . . . . .	P Near	 00000000 FLAT	Length= 00000000 External STDCALL
Crlf . . . . . . . . . . . . . .	P Near	 00000000 FLAT	Length= 00000000 External STDCALL
Delay  . . . . . . . . . . . . .	P Near	 00000000 FLAT	Length= 00000000 External STDCALL
DumpMem  . . . . . . . . . . . .	P Near	 00000000 FLAT	Length= 00000000 External STDCALL
DumpRegs . . . . . . . . . . . .	P Near	 00000000 FLAT	Length= 00000000 External STDCALL
ExitProcess  . . . . . . . . . .	P Near	 00000000 FLAT	Length= 00000000 External STDCALL
FileTimeToDosDateTime  . . . . .	P Near	 00000000 FLAT	Length= 00000000 External STDCALL
FileTimeToSystemTime . . . . . .	P Near	 00000000 FLAT	Length= 00000000 External STDCALL
FlushConsoleInputBuffer  . . . .	P Near	 00000000 FLAT	Length= 00000000 External STDCALL
FormatMessageA . . . . . . . . .	P Near	 00000000 FLAT	Length= 00000000 External STDCALL
GetCommandLineA  . . . . . . . .	P Near	 00000000 FLAT	Length= 00000000 External STDCALL
GetCommandTail . . . . . . . . .	P Near	 00000000 FLAT	Length= 00000000 External STDCALL
GetConsoleCP . . . . . . . . . .	P Near	 00000000 FLAT	Length= 00000000 External STDCALL
GetConsoleCursorInfo . . . . . .	P Near	 00000000 FLAT	Length= 00000000 External STDCALL
GetConsoleMode . . . . . . . . .	P Near	 00000000 FLAT	Length= 00000000 External STDCALL
GetConsoleScreenBufferInfo . . .	P Near	 00000000 FLAT	Length= 00000000 External STDCALL
GetDateTime  . . . . . . . . . .	P Near	 00000000 FLAT	Length= 00000000 External STDCALL
GetFileTime  . . . . . . . . . .	P Near	 00000000 FLAT	Length= 00000000 External STDCALL
GetKeyState  . . . . . . . . . .	P Near	 00000000 FLAT	Length= 00000000 External STDCALL
GetLastError . . . . . . . . . .	P Near	 00000000 FLAT	Length= 00000000 External STDCALL
GetLocalTime . . . . . . . . . .	P Near	 00000000 FLAT	Length= 00000000 External STDCALL
GetMaxXY . . . . . . . . . . . .	P Near	 00000000 FLAT	Length= 00000000 External STDCALL
GetMseconds  . . . . . . . . . .	P Near	 00000000 FLAT	Length= 00000000 External STDCALL
GetNumberOfConsoleInputEvents  .	P Near	 00000000 FLAT	Length= 00000000 External STDCALL
GetProcessHeap . . . . . . . . .	P Near	 00000000 FLAT	Length= 00000000 External STDCALL
GetStdHandle . . . . . . . . . .	P Near	 00000000 FLAT	Length= 00000000 External STDCALL
GetSystemTime  . . . . . . . . .	P Near	 00000000 FLAT	Length= 00000000 External STDCALL
GetTextColor . . . . . . . . . .	P Near	 00000000 FLAT	Length= 00000000 External STDCALL
GetTickCount . . . . . . . . . .	P Near	 00000000 FLAT	Length= 00000000 External STDCALL
Gotoxy . . . . . . . . . . . . .	P Near	 00000000 FLAT	Length= 00000000 External STDCALL
HeapAlloc  . . . . . . . . . . .	P Near	 00000000 FLAT	Length= 00000000 External STDCALL
HeapCreate . . . . . . . . . . .	P Near	 00000000 FLAT	Length= 00000000 External STDCALL
HeapDestroy  . . . . . . . . . .	P Near	 00000000 FLAT	Length= 00000000 External STDCALL
HeapFree . . . . . . . . . . . .	P Near	 00000000 FLAT	Length= 00000000 External STDCALL
HeapSize . . . . . . . . . . . .	P Near	 00000000 FLAT	Length= 00000000 External STDCALL
IsDigit  . . . . . . . . . . . .	P Near	 00000000 FLAT	Length= 00000000 External STDCALL
LocalFree  . . . . . . . . . . .	P Near	 00000000 FLAT	Length= 00000000 External STDCALL
MessageBoxA  . . . . . . . . . .	P Near	 00000000 FLAT	Length= 00000000 External STDCALL
MsgBoxAsk  . . . . . . . . . . .	P Near	 00000000 FLAT	Length= 00000000 External STDCALL
MsgBox . . . . . . . . . . . . .	P Near	 00000000 FLAT	Length= 00000000 External STDCALL
OpenInputFile  . . . . . . . . .	P Near	 00000000 FLAT	Length= 00000000 External STDCALL
ParseDecimal32 . . . . . . . . .	P Near	 00000000 FLAT	Length= 00000000 External STDCALL
ParseInteger32 . . . . . . . . .	P Near	 00000000 FLAT	Length= 00000000 External STDCALL
PeekConsoleInputA  . . . . . . .	P Near	 00000000 FLAT	Length= 00000000 External STDCALL
Random32 . . . . . . . . . . . .	P Near	 00000000 FLAT	Length= 00000000 External STDCALL
RandomRange  . . . . . . . . . .	P Near	 00000000 FLAT	Length= 00000000 External STDCALL
Randomize  . . . . . . . . . . .	P Near	 00000000 FLAT	Length= 00000000 External STDCALL
ReadChar . . . . . . . . . . . .	P Near	 00000000 FLAT	Length= 00000000 External STDCALL
ReadConsoleA . . . . . . . . . .	P Near	 00000000 FLAT	Length= 00000000 External STDCALL
ReadConsoleInputA  . . . . . . .	P Near	 00000000 FLAT	Length= 00000000 External STDCALL
ReadDec  . . . . . . . . . . . .	P Near	 00000000 FLAT	Length= 00000000 External STDCALL
ReadFile . . . . . . . . . . . .	P Near	 00000000 FLAT	Length= 00000000 External STDCALL
ReadFloat  . . . . . . . . . . .	P Near	 00000000 FLAT	Length= 00000000 External STDCALL
ReadFromFile . . . . . . . . . .	P Near	 00000000 FLAT	Length= 00000000 External STDCALL
ReadHex  . . . . . . . . . . . .	P Near	 00000000 FLAT	Length= 00000000 External STDCALL
ReadInt  . . . . . . . . . . . .	P Near	 00000000 FLAT	Length= 00000000 External STDCALL
ReadKeyFlush . . . . . . . . . .	P Near	 00000000 FLAT	Length= 00000000 External STDCALL
ReadKey  . . . . . . . . . . . .	P Near	 00000000 FLAT	Length= 00000000 External STDCALL
ReadString . . . . . . . . . . .	P Near	 00000000 FLAT	Length= 00000000 External STDCALL
SetConsoleCursorInfo . . . . . .	P Near	 00000000 FLAT	Length= 00000000 External STDCALL
SetConsoleCursorPosition . . . .	P Near	 00000000 FLAT	Length= 00000000 External STDCALL
SetConsoleMode . . . . . . . . .	P Near	 00000000 FLAT	Length= 00000000 External STDCALL
SetConsoleScreenBufferSize . . .	P Near	 00000000 FLAT	Length= 00000000 External STDCALL
SetConsoleTextAttribute  . . . .	P Near	 00000000 FLAT	Length= 00000000 External STDCALL
SetConsoleTitleA . . . . . . . .	P Near	 00000000 FLAT	Length= 00000000 External STDCALL
SetConsoleWindowInfo . . . . . .	P Near	 00000000 FLAT	Length= 00000000 External STDCALL
SetFilePointer . . . . . . . . .	P Near	 00000000 FLAT	Length= 00000000 External STDCALL
SetLocalTime . . . . . . . . . .	P Near	 00000000 FLAT	Length= 00000000 External STDCALL
SetTextColor . . . . . . . . . .	P Near	 00000000 FLAT	Length= 00000000 External STDCALL
ShowFPUStack . . . . . . . . . .	P Near	 00000000 FLAT	Length= 00000000 External STDCALL
Sleep  . . . . . . . . . . . . .	P Near	 00000000 FLAT	Length= 00000000 External STDCALL
StrLength  . . . . . . . . . . .	P Near	 00000000 FLAT	Length= 00000000 External STDCALL
Str_compare  . . . . . . . . . .	P Near	 00000000 FLAT	Length= 00000000 External STDCALL
Str_copy . . . . . . . . . . . .	P Near	 00000000 FLAT	Length= 00000000 External STDCALL
Str_length . . . . . . . . . . .	P Near	 00000000 FLAT	Length= 00000000 External STDCALL
Str_trim . . . . . . . . . . . .	P Near	 00000000 FLAT	Length= 00000000 External STDCALL
Str_ucase  . . . . . . . . . . .	P Near	 00000000 FLAT	Length= 00000000 External STDCALL
SystemTimeToFileTime . . . . . .	P Near	 00000000 FLAT	Length= 00000000 External STDCALL
WaitMsg  . . . . . . . . . . . .	P Near	 00000000 FLAT	Length= 00000000 External STDCALL
WriteBinB  . . . . . . . . . . .	P Near	 00000000 FLAT	Length= 00000000 External STDCALL
WriteBin . . . . . . . . . . . .	P Near	 00000000 FLAT	Length= 00000000 External STDCALL
WriteChar  . . . . . . . . . . .	P Near	 00000000 FLAT	Length= 00000000 External STDCALL
WriteConsoleA  . . . . . . . . .	P Near	 00000000 FLAT	Length= 00000000 External STDCALL
WriteConsoleOutputAttribute  . .	P Near	 00000000 FLAT	Length= 00000000 External STDCALL
WriteConsoleOutputCharacterA . .	P Near	 00000000 FLAT	Length= 00000000 External STDCALL
WriteDec . . . . . . . . . . . .	P Near	 00000000 FLAT	Length= 00000000 External STDCALL
WriteFile  . . . . . . . . . . .	P Near	 00000000 FLAT	Length= 00000000 External STDCALL
WriteFloat . . . . . . . . . . .	P Near	 00000000 FLAT	Length= 00000000 External STDCALL
WriteHexB  . . . . . . . . . . .	P Near	 00000000 FLAT	Length= 00000000 External STDCALL
WriteHex . . . . . . . . . . . .	P Near	 00000000 FLAT	Length= 00000000 External STDCALL
WriteInt . . . . . . . . . . . .	P Near	 00000000 FLAT	Length= 00000000 External STDCALL
WriteStackFrameName  . . . . . .	P Near	 00000000 FLAT	Length= 00000000 External STDCALL
WriteStackFrame  . . . . . . . .	P Near	 00000000 FLAT	Length= 00000000 External STDCALL
WriteString  . . . . . . . . . .	P Near	 00000000 FLAT	Length= 00000000 External STDCALL
WriteToFile  . . . . . . . . . .	P Near	 00000000 FLAT	Length= 00000000 External STDCALL
WriteWindowsMsg  . . . . . . . .	P Near	 00000000 FLAT	Length= 00000000 External STDCALL
calculateSum . . . . . . . . . .	P Near	 000001BA _TEXT	Length= 00000024 Public STDCALL
  sumLoop  . . . . . . . . . . .	L Near	 000001CC _TEXT	
displayData  . . . . . . . . . .	P Near	 000001DE _TEXT	Length= 0000008C Public STDCALL
  displayArray . . . . . . . . .	L Near	 000001F8 _TEXT	
  noCommaOnLastLoop  . . . . . .	L Near	 00000221 _TEXT	
getUserData  . . . . . . . . . .	P Near	 000000DC _TEXT	Length= 00000036 Public STDCALL
  top  . . . . . . . . . . . . .	L Near	 000000E5 _TEXT	
introduction . . . . . . . . . .	P Near	 00000080 _TEXT	Length= 0000005C Public STDCALL
main . . . . . . . . . . . . . .	P Near	 00000000 _TEXT	Length= 00000080 Public STDCALL
printf . . . . . . . . . . . . .	P Near	 00000000 FLAT	Length= 00000000 External C
readVal  . . . . . . . . . . . .	P Near	 00000112 _TEXT	Length= 000000A8 Public STDCALL
  notValid . . . . . . . . . . .	L Near	 00000144 _TEXT	
  getInput . . . . . . . . . . .	L Near	 00000179 _TEXT	
  checkString  . . . . . . . . .	L Near	 00000185 _TEXT	
scanf  . . . . . . . . . . . . .	P Near	 00000000 FLAT	Length= 00000000 External C
writeVal . . . . . . . . . . . .	P Near	 0000026A _TEXT	Length= 00000043 Public STDCALL
  conversion . . . . . . . . . .	L Near	 00000288 _TEXT	
wsprintfA  . . . . . . . . . . .	P Near	 00000000 FLAT	Length= 00000000 External C


Symbols:

                N a m e                 Type     Value    Attr

@CodeSize  . . . . . . . . . . .	Number	 00000000h   
@DataSize  . . . . . . . . . . .	Number	 00000000h   
@Interface . . . . . . . . . . .	Number	 00000003h   
@Model . . . . . . . . . . . . .	Number	 00000007h   
@code  . . . . . . . . . . . . .	Text   	 _TEXT
@data  . . . . . . . . . . . . .	Text   	 FLAT
@fardata?  . . . . . . . . . . .	Text   	 FLAT
@fardata . . . . . . . . . . . .	Text   	 FLAT
@stack . . . . . . . . . . . . .	Text   	 FLAT
ALT_MASK . . . . . . . . . . . .	Number	 00000003h   
CAPSLOCK_ON  . . . . . . . . . .	Number	 00000080h   
CREATE_ALWAYS  . . . . . . . . .	Number	 00000002h   
CREATE_NEW . . . . . . . . . . .	Number	 00000001h   
CTRL_MASK  . . . . . . . . . . .	Number	 0000000Ch   
CreateFile . . . . . . . . . . .	Text   	 CreateFileA
DO_NOT_SHARE . . . . . . . . . .	Number	 00000000h   
ENABLE_ECHO_INPUT  . . . . . . .	Number	 00000004h   
ENABLE_LINE_INPUT  . . . . . . .	Number	 00000002h   
ENABLE_MOUSE_INPUT . . . . . . .	Number	 00000010h   
ENABLE_PROCESSED_INPUT . . . . .	Number	 00000001h   
ENABLE_PROCESSED_OUTPUT  . . . .	Number	 00000001h   
ENABLE_WINDOW_INPUT  . . . . . .	Number	 00000008h   
ENABLE_WRAP_AT_EOL_OUTPUT  . . .	Number	 00000002h   
ENHANCED_KEY . . . . . . . . . .	Number	 00000100h   
FALSE  . . . . . . . . . . . . .	Number	 00000000h   
FILE_APPEND_DATA . . . . . . . .	Number	 00000004h   
FILE_ATTRIBUTE_ARCHIVE . . . . .	Number	 00000020h   
FILE_ATTRIBUTE_COMPRESSED  . . .	Number	 00000800h   
FILE_ATTRIBUTE_DEVICE  . . . . .	Number	 00000040h   
FILE_ATTRIBUTE_DIRECTORY . . . .	Number	 00000010h   
FILE_ATTRIBUTE_ENCRYPTED . . . .	Number	 00004000h   
FILE_ATTRIBUTE_HIDDEN  . . . . .	Number	 00000002h   
FILE_ATTRIBUTE_NORMAL  . . . . .	Number	 00000080h   
FILE_ATTRIBUTE_NOT_CONTENT_INDEXED .	Number	 00002000h   
FILE_ATTRIBUTE_OFFLINE . . . . .	Number	 00001000h   
FILE_ATTRIBUTE_READONLY  . . . .	Number	 00000001h   
FILE_ATTRIBUTE_REPARSE_POINT . .	Number	 00000400h   
FILE_ATTRIBUTE_SPARSE_FILE . . .	Number	 00000200h   
FILE_ATTRIBUTE_SYSTEM  . . . . .	Number	 00000004h   
FILE_ATTRIBUTE_TEMPORARY . . . .	Number	 00000100h   
FILE_BEGIN . . . . . . . . . . .	Number	 00000000h   
FILE_CURRENT . . . . . . . . . .	Number	 00000001h   
FILE_DELETE_CHILD  . . . . . . .	Number	 00000040h   
FILE_END . . . . . . . . . . . .	Number	 00000002h   
FILE_READ_DATA . . . . . . . . .	Number	 00000001h   
FILE_SHARE_DELETE  . . . . . . .	Number	 00000004h   
FILE_SHARE_READ  . . . . . . . .	Number	 00000001h   
FILE_SHARE_WRITE . . . . . . . .	Number	 00000002h   
FILE_WRITE_DATA  . . . . . . . .	Number	 00000002h   
FOCUS_EVENT  . . . . . . . . . .	Number	 00000010h   
FORMAT_MESSAGE_ALLOCATE_BUFFER .	Number	 00000100h   
FORMAT_MESSAGE_FROM_SYSTEM . . .	Number	 00001000h   
FormatMessage  . . . . . . . . .	Text   	 FormatMessageA
GENERIC_ALL  . . . . . . . . . .	Number	 10000000h   
GENERIC_EXECUTE  . . . . . . . .	Number	 20000000h   
GENERIC_READ . . . . . . . . . .	Number	 -80000000h   
GENERIC_WRITE  . . . . . . . . .	Number	 40000000h   
GetCommandLine . . . . . . . . .	Text   	 GetCommandLineA
HANDLE . . . . . . . . . . . . .	Text   	 DWORD
HEAP_GENERATE_EXCEPTIONS . . . .	Number	 00000004h   
HEAP_GROWABLE  . . . . . . . . .	Number	 00000002h   
HEAP_NO_SERIALIZE  . . . . . . .	Number	 00000001h   
HEAP_REALLOC_IN_PLACE_ONLY . . .	Number	 00000010h   
HEAP_ZERO_MEMORY . . . . . . . .	Number	 00000008h   
IDABORT  . . . . . . . . . . . .	Number	 00000003h   
IDCANCEL . . . . . . . . . . . .	Number	 00000002h   
IDCLOSE  . . . . . . . . . . . .	Number	 00000008h   
IDCONTINUE . . . . . . . . . . .	Number	 0000000Bh   
IDHELP . . . . . . . . . . . . .	Number	 00000009h   
IDIGNORE . . . . . . . . . . . .	Number	 00000005h   
IDNO . . . . . . . . . . . . . .	Number	 00000007h   
IDOK . . . . . . . . . . . . . .	Number	 00000001h   
IDRETRY  . . . . . . . . . . . .	Number	 00000004h   
IDTIMEOUT  . . . . . . . . . . .	Number	 00007D00h   
IDTRYAGAIN . . . . . . . . . . .	Number	 0000000Ah   
IDYES  . . . . . . . . . . . . .	Number	 00000006h   
INVALID_HANDLE_VALUE . . . . . .	Number	 -00000001h   
KBDOWN_FLAG  . . . . . . . . . .	Number	 00000001h   
KEY_EVENT  . . . . . . . . . . .	Number	 00000001h   
KEY_MASKS  . . . . . . . . . . .	Number	 0000001Fh   
LEFT_ALT_PRESSED . . . . . . . .	Number	 00000002h   
LEFT_CTRL_PRESSED  . . . . . . .	Number	 00000008h   
MAX_IN_SIZE  . . . . . . . . . .	Number	 0000000Bh   
MAX_OUT_SIZE . . . . . . . . . .	Number	 0000000Bh   
MB_ABORTRETRYIGNORE  . . . . . .	Number	 00000002h   
MB_APPLMODAL . . . . . . . . . .	Number	 00000000h   
MB_CANCELTRYCONTINUE . . . . . .	Number	 00000006h   
MB_DEFBUTTON1  . . . . . . . . .	Number	 00000000h   
MB_DEFBUTTON2  . . . . . . . . .	Number	 00000100h   
MB_DEFBUTTON3  . . . . . . . . .	Number	 00000200h   
MB_DEFBUTTON4  . . . . . . . . .	Number	 00000300h   
MB_HELP  . . . . . . . . . . . .	Number	 00004000h   
MB_ICONASTERISK  . . . . . . . .	Number	 00000040h   
MB_ICONERROR . . . . . . . . . .	Number	 00000010h   
MB_ICONEXCLAMATION . . . . . . .	Number	 00000030h   
MB_ICONHAND  . . . . . . . . . .	Number	 00000010h   
MB_ICONINFORMATION . . . . . . .	Number	 00000040h   
MB_ICONQUESTION  . . . . . . . .	Number	 00000020h   
MB_ICONSTOP  . . . . . . . . . .	Number	 00000010h   
MB_ICONWARNING . . . . . . . . .	Number	 00000030h   
MB_OKCANCEL  . . . . . . . . . .	Number	 00000001h   
MB_OK  . . . . . . . . . . . . .	Number	 00000000h   
MB_RETRYCANCEL . . . . . . . . .	Number	 00000005h   
MB_SYSTEMMODAL . . . . . . . . .	Number	 00001000h   
MB_TASKMODAL . . . . . . . . . .	Number	 00002000h   
MB_USERICON  . . . . . . . . . .	Number	 00000080h   
MB_YESNOCANCEL . . . . . . . . .	Number	 00000003h   
MB_YESNO . . . . . . . . . . . .	Number	 00000004h   
MENU_EVENT . . . . . . . . . . .	Number	 00000008h   
MOUSE_EVENT  . . . . . . . . . .	Number	 00000002h   
MessageBox . . . . . . . . . . .	Text   	 MessageBoxA
NULL . . . . . . . . . . . . . .	Number	 00000000h   
NUMLOCK_ON . . . . . . . . . . .	Number	 00000020h   
OPEN_ALWAYS  . . . . . . . . . .	Number	 00000004h   
OPEN_EXISTING  . . . . . . . . .	Number	 00000003h   
PeekConsoleInput . . . . . . . .	Text   	 PeekConsoleInputA
RIGHT_ALT_PRESSED  . . . . . . .	Number	 00000001h   
RIGHT_CTRL_PRESSED . . . . . . .	Number	 00000004h   
ReadConsoleInput . . . . . . . .	Text   	 ReadConsoleInputA
ReadConsole  . . . . . . . . . .	Text   	 ReadConsoleA
SCROLLLOCK_ON  . . . . . . . . .	Number	 00000040h   
SHIFT_MASK . . . . . . . . . . .	Number	 00000010h   
SHIFT_PRESSED  . . . . . . . . .	Number	 00000010h   
STD_ERROR_HANDLE . . . . . . . .	Number	 -0000000Ch   
STD_INPUT_HANDLE . . . . . . . .	Number	 -0000000Ah   
STD_OUTPUT_HANDLE  . . . . . . .	Number	 -0000000Bh   
SetConsoleTitle  . . . . . . . .	Text   	 SetConsoleTitleA
TAB  . . . . . . . . . . . . . .	Number	 00000009h   
TRUE . . . . . . . . . . . . . .	Number	 00000001h   
TRUNCATE_EXISTING  . . . . . . .	Number	 00000005h   
VK_11  . . . . . . . . . . . . .	Number	 000000BDh   
VK_12  . . . . . . . . . . . . .	Number	 000000BBh   
VK_ADD . . . . . . . . . . . . .	Number	 0000006Bh   
VK_BACK  . . . . . . . . . . . .	Number	 00000008h   
VK_CANCEL  . . . . . . . . . . .	Number	 00000003h   
VK_CAPITAL . . . . . . . . . . .	Number	 00000014h   
VK_CLEAR . . . . . . . . . . . .	Number	 0000000Ch   
VK_CONTROL . . . . . . . . . . .	Number	 00000011h   
VK_DECIMAL . . . . . . . . . . .	Number	 0000006Eh   
VK_DELETE  . . . . . . . . . . .	Number	 0000002Eh   
VK_DIVIDE  . . . . . . . . . . .	Number	 0000006Fh   
VK_DOWN  . . . . . . . . . . . .	Number	 00000028h   
VK_END . . . . . . . . . . . . .	Number	 00000023h   
VK_ESCAPE  . . . . . . . . . . .	Number	 0000001Bh   
VK_EXECUTE . . . . . . . . . . .	Number	 0000002Bh   
VK_F10 . . . . . . . . . . . . .	Number	 00000079h   
VK_F11 . . . . . . . . . . . . .	Number	 0000007Ah   
VK_F12 . . . . . . . . . . . . .	Number	 0000007Bh   
VK_F13 . . . . . . . . . . . . .	Number	 0000007Ch   
VK_F14 . . . . . . . . . . . . .	Number	 0000007Dh   
VK_F15 . . . . . . . . . . . . .	Number	 0000007Eh   
VK_F16 . . . . . . . . . . . . .	Number	 0000007Fh   
VK_F17 . . . . . . . . . . . . .	Number	 00000080h   
VK_F18 . . . . . . . . . . . . .	Number	 00000081h   
VK_F19 . . . . . . . . . . . . .	Number	 00000082h   
VK_F1  . . . . . . . . . . . . .	Number	 00000070h   
VK_F20 . . . . . . . . . . . . .	Number	 00000083h   
VK_F21 . . . . . . . . . . . . .	Number	 00000084h   
VK_F22 . . . . . . . . . . . . .	Number	 00000085h   
VK_F23 . . . . . . . . . . . . .	Number	 00000086h   
VK_F24 . . . . . . . . . . . . .	Number	 00000087h   
VK_F2  . . . . . . . . . . . . .	Number	 00000071h   
VK_F3  . . . . . . . . . . . . .	Number	 00000072h   
VK_F4  . . . . . . . . . . . . .	Number	 00000073h   
VK_F5  . . . . . . . . . . . . .	Number	 00000074h   
VK_F6  . . . . . . . . . . . . .	Number	 00000075h   
VK_F7  . . . . . . . . . . . . .	Number	 00000076h   
VK_F8  . . . . . . . . . . . . .	Number	 00000077h   
VK_F9  . . . . . . . . . . . . .	Number	 00000078h   
VK_HELP  . . . . . . . . . . . .	Number	 0000002Fh   
VK_HOME  . . . . . . . . . . . .	Number	 00000024h   
VK_INSERT  . . . . . . . . . . .	Number	 0000002Dh   
VK_LBUTTON . . . . . . . . . . .	Number	 00000001h   
VK_LCONTROL  . . . . . . . . . .	Number	 000000A2h   
VK_LEFT  . . . . . . . . . . . .	Number	 00000025h   
VK_LMENU . . . . . . . . . . . .	Number	 000000A4h   
VK_LSHIFT  . . . . . . . . . . .	Number	 000000A0h   
VK_MENU  . . . . . . . . . . . .	Number	 00000012h   
VK_MULTIPLY  . . . . . . . . . .	Number	 0000006Ah   
VK_NEXT  . . . . . . . . . . . .	Number	 00000022h   
VK_NUMLOCK . . . . . . . . . . .	Number	 00000090h   
VK_NUMPAD0 . . . . . . . . . . .	Number	 00000060h   
VK_NUMPAD1 . . . . . . . . . . .	Number	 00000061h   
VK_NUMPAD2 . . . . . . . . . . .	Number	 00000062h   
VK_NUMPAD3 . . . . . . . . . . .	Number	 00000063h   
VK_NUMPAD4 . . . . . . . . . . .	Number	 00000064h   
VK_NUMPAD5 . . . . . . . . . . .	Number	 00000065h   
VK_NUMPAD6 . . . . . . . . . . .	Number	 00000066h   
VK_NUMPAD7 . . . . . . . . . . .	Number	 00000067h   
VK_NUMPAD8 . . . . . . . . . . .	Number	 00000068h   
VK_NUMPAD9 . . . . . . . . . . .	Number	 00000069h   
VK_PAUSE . . . . . . . . . . . .	Number	 00000013h   
VK_PRINT . . . . . . . . . . . .	Number	 0000002Ah   
VK_PRIOR . . . . . . . . . . . .	Number	 00000021h   
VK_RBUTTON . . . . . . . . . . .	Number	 00000002h   
VK_RCONTROL  . . . . . . . . . .	Number	 000000A3h   
VK_RETURN  . . . . . . . . . . .	Number	 0000000Dh   
VK_RIGHT . . . . . . . . . . . .	Number	 00000027h   
VK_RMENU . . . . . . . . . . . .	Number	 000000A5h   
VK_RSHIFT  . . . . . . . . . . .	Number	 000000A1h   
VK_SCROLL  . . . . . . . . . . .	Number	 00000091h   
VK_SEPARATER . . . . . . . . . .	Number	 0000006Ch   
VK_SHIFT . . . . . . . . . . . .	Number	 00000010h   
VK_SNAPSHOT  . . . . . . . . . .	Number	 0000002Ch   
VK_SPACE . . . . . . . . . . . .	Number	 00000020h   
VK_SUBTRACT  . . . . . . . . . .	Number	 0000006Dh   
VK_TAB . . . . . . . . . . . . .	Number	 00000009h   
VK_UP  . . . . . . . . . . . . .	Number	 00000026h   
WINDOW_BUFFER_SIZE_EVENT . . . .	Number	 00000004h   
WriteConsoleOutputCharacter  . .	Text   	 WriteConsoleOutputCharacterA
WriteConsole . . . . . . . . . .	Text   	 WriteConsoleA
arrayOfInts  . . . . . . . . . .	DWord	 00000219 _DATA	
black  . . . . . . . . . . . . .	Number	 00000000h   
blue . . . . . . . . . . . . . .	Number	 00000001h   
brown  . . . . . . . . . . . . .	Number	 00000006h   
cyan . . . . . . . . . . . . . .	Number	 00000003h   
error_1  . . . . . . . . . . . .	Byte	 00000156 _DATA	
error_2  . . . . . . . . . . . .	Byte	 0000019E _DATA	
exit . . . . . . . . . . . . . .	Text   	 INVOKE ExitProcess,0
gray . . . . . . . . . . . . . .	Number	 00000008h   
green  . . . . . . . . . . . . .	Number	 00000002h   
inString . . . . . . . . . . . .	Byte	 00000203 _DATA	
intro_1  . . . . . . . . . . . .	Byte	 00000000 _DATA	
intro_2  . . . . . . . . . . . .	Byte	 00000044 _DATA	
intro_3  . . . . . . . . . . . .	Byte	 00000071 _DATA	
intro_4  . . . . . . . . . . . .	Byte	 000000B7 _DATA	
intro_5  . . . . . . . . . . . .	Byte	 000000FF _DATA	
lightBlue  . . . . . . . . . . .	Number	 00000009h   
lightCyan  . . . . . . . . . . .	Number	 0000000Bh   
lightGray  . . . . . . . . . . .	Number	 00000007h   
lightGreen . . . . . . . . . . .	Number	 0000000Ah   
lightMagenta . . . . . . . . . .	Number	 0000000Dh   
lightRed . . . . . . . . . . . .	Number	 0000000Ch   
magenta  . . . . . . . . . . . .	Number	 00000005h   
outString  . . . . . . . . . . .	Byte	 0000020E _DATA	
output_1 . . . . . . . . . . . .	Byte	 000001B1 _DATA	
output_2 . . . . . . . . . . . .	Byte	 000001D4 _DATA	
output_3 . . . . . . . . . . . .	Byte	 000001F2 _DATA	
prompt_1 . . . . . . . . . . . .	Byte	 00000134 _DATA	
red  . . . . . . . . . . . . . .	Number	 00000004h   
stringLength . . . . . . . . . .	DWord	 00000241 _DATA	
sum  . . . . . . . . . . . . . .	DWord	 00000245 _DATA	
white  . . . . . . . . . . . . .	Number	 0000000Fh   
wsprintf . . . . . . . . . . . .	Text   	 wsprintfA
yellow . . . . . . . . . . . . .	Number	 0000000Eh   

	   0 Warnings
	   0 Errors
